CRITICAL - 2025-11-14 01:48:04 --> ErrorException: Trying to access array offset on value of type null
in APPPATH/Views/includes/sidebar.php on line 37.
 1 APPPATH/Views/includes/sidebar.php(37): CodeIgniter\Debug\Exceptions->errorHandler(2, 'Trying to access array offset on value of type null', '/home4/fduxrd/public_html/logdeurisanze/app/Views/includes/sidebar.php', 37)
 2 SYSTEMPATH/View/View.php(228): include('/home4/fduxrd/public_html/logdeurisanze/app/Views/includes/sidebar.php')
 3 SYSTEMPATH/View/View.php(231): CodeIgniter\View\View->CodeIgniter\View\{closure}()
 4 SYSTEMPATH/Common.php(1178): CodeIgniter\View\View->render('includes/sidebar', [], true)
 5 APPPATH/Views/NotFoundView.php(4): view('includes/sidebar')
 6 SYSTEMPATH/View/View.php(228): include('/home4/fduxrd/public_html/logdeurisanze/app/Views/NotFoundView.php')
 7 SYSTEMPATH/View/View.php(231): CodeIgniter\View\View->CodeIgniter\View\{closure}()
 8 SYSTEMPATH/Common.php(1178): CodeIgniter\View\View->render('NotFoundView', [], true)
 9 APPPATH/Config/Routes.php(16): view('NotFoundView')
10 SYSTEMPATH/CodeIgniter.php(963): CodeIgniter\Router\RouteCollection->{closure}('Can\'t find a route for \'head: /\'.')
11 SYSTEMPATH/CodeIgniter.php(370): CodeIgniter\CodeIgniter->display404errors(Object(CodeIgniter\Exceptions\PageNotFoundException))
12 FCPATH/index.php(79): CodeIgniter\CodeIgniter->run()
CRITICAL - 2025-11-14 01:48:08 --> ErrorException: Trying to access array offset on value of type null
in APPPATH/Views/includes/sidebar.php on line 37.
 1 APPPATH/Views/includes/sidebar.php(37): CodeIgniter\Debug\Exceptions->errorHandler(2, 'Trying to access array offset on value of type null', '/home4/fduxrd/public_html/logdeurisanze/app/Views/includes/sidebar.php', 37)
 2 SYSTEMPATH/View/View.php(228): include('/home4/fduxrd/public_html/logdeurisanze/app/Views/includes/sidebar.php')
 3 SYSTEMPATH/View/View.php(231): CodeIgniter\View\View->CodeIgniter\View\{closure}()
 4 SYSTEMPATH/Common.php(1178): CodeIgniter\View\View->render('includes/sidebar', [], true)
 5 APPPATH/Views/NotFoundView.php(4): view('includes/sidebar')
 6 SYSTEMPATH/View/View.php(228): include('/home4/fduxrd/public_html/logdeurisanze/app/Views/NotFoundView.php')
 7 SYSTEMPATH/View/View.php(231): CodeIgniter\View\View->CodeIgniter\View\{closure}()
 8 SYSTEMPATH/Common.php(1178): CodeIgniter\View\View->render('NotFoundView', [], true)
 9 APPPATH/Config/Routes.php(16): view('NotFoundView')
10 SYSTEMPATH/CodeIgniter.php(963): CodeIgniter\Router\RouteCollection->{closure}('Can\'t find a route for \'head: /\'.')
11 SYSTEMPATH/CodeIgniter.php(370): CodeIgniter\CodeIgniter->display404errors(Object(CodeIgniter\Exceptions\PageNotFoundException))
12 FCPATH/index.php(79): CodeIgniter\CodeIgniter->run()
CRITICAL - 2025-11-14 03:53:26 --> ErrorException: Trying to access array offset on value of type null
in APPPATH/Views/includes/sidebar.php on line 37.
 1 APPPATH/Views/includes/sidebar.php(37): CodeIgniter\Debug\Exceptions->errorHandler(2, 'Trying to access array offset on value of type null', '/home4/fduxrd/public_html/logdeurisanze/app/Views/includes/sidebar.php', 37)
 2 SYSTEMPATH/View/View.php(228): include('/home4/fduxrd/public_html/logdeurisanze/app/Views/includes/sidebar.php')
 3 SYSTEMPATH/View/View.php(231): CodeIgniter\View\View->CodeIgniter\View\{closure}()
 4 SYSTEMPATH/Common.php(1178): CodeIgniter\View\View->render('includes/sidebar', [], true)
 5 APPPATH/Views/NotFoundView.php(4): view('includes/sidebar')
 6 SYSTEMPATH/View/View.php(228): include('/home4/fduxrd/public_html/logdeurisanze/app/Views/NotFoundView.php')
 7 SYSTEMPATH/View/View.php(231): CodeIgniter\View\View->CodeIgniter\View\{closure}()
 8 SYSTEMPATH/Common.php(1178): CodeIgniter\View\View->render('NotFoundView', [], true)
 9 APPPATH/Config/Routes.php(16): view('NotFoundView')
10 SYSTEMPATH/CodeIgniter.php(963): CodeIgniter\Router\RouteCollection->{closure}('Can\'t find a route for \'head: /\'.')
11 SYSTEMPATH/CodeIgniter.php(370): CodeIgniter\CodeIgniter->display404errors(Object(CodeIgniter\Exceptions\PageNotFoundException))
12 FCPATH/index.php(79): CodeIgniter\CodeIgniter->run()
CRITICAL - 2025-11-14 03:53:38 --> ErrorException: Trying to access array offset on value of type null
in APPPATH/Views/includes/sidebar.php on line 37.
 1 APPPATH/Views/includes/sidebar.php(37): CodeIgniter\Debug\Exceptions->errorHandler(2, 'Trying to access array offset on value of type null', '/home4/fduxrd/public_html/logdeurisanze/app/Views/includes/sidebar.php', 37)
 2 SYSTEMPATH/View/View.php(228): include('/home4/fduxrd/public_html/logdeurisanze/app/Views/includes/sidebar.php')
 3 SYSTEMPATH/View/View.php(231): CodeIgniter\View\View->CodeIgniter\View\{closure}()
 4 SYSTEMPATH/Common.php(1178): CodeIgniter\View\View->render('includes/sidebar', [], true)
 5 APPPATH/Views/NotFoundView.php(4): view('includes/sidebar')
 6 SYSTEMPATH/View/View.php(228): include('/home4/fduxrd/public_html/logdeurisanze/app/Views/NotFoundView.php')
 7 SYSTEMPATH/View/View.php(231): CodeIgniter\View\View->CodeIgniter\View\{closure}()
 8 SYSTEMPATH/Common.php(1178): CodeIgniter\View\View->render('NotFoundView', [], true)
 9 APPPATH/Config/Routes.php(16): view('NotFoundView')
10 SYSTEMPATH/CodeIgniter.php(963): CodeIgniter\Router\RouteCollection->{closure}('Can\'t find a route for \'head: /\'.')
11 SYSTEMPATH/CodeIgniter.php(370): CodeIgniter\CodeIgniter->display404errors(Object(CodeIgniter\Exceptions\PageNotFoundException))
12 FCPATH/index.php(79): CodeIgniter\CodeIgniter->run()
CRITICAL - 2025-11-14 05:51:54 --> ErrorException: Trying to access array offset on value of type null
in APPPATH/Views/includes/sidebar.php on line 37.
 1 APPPATH/Views/includes/sidebar.php(37): CodeIgniter\Debug\Exceptions->errorHandler(2, 'Trying to access array offset on value of type null', '/home4/fduxrd/public_html/logdeurisanze/app/Views/includes/sidebar.php', 37)
 2 SYSTEMPATH/View/View.php(228): include('/home4/fduxrd/public_html/logdeurisanze/app/Views/includes/sidebar.php')
 3 SYSTEMPATH/View/View.php(231): CodeIgniter\View\View->CodeIgniter\View\{closure}()
 4 SYSTEMPATH/Common.php(1178): CodeIgniter\View\View->render('includes/sidebar', [], true)
 5 APPPATH/Views/NotFoundView.php(4): view('includes/sidebar')
 6 SYSTEMPATH/View/View.php(228): include('/home4/fduxrd/public_html/logdeurisanze/app/Views/NotFoundView.php')
 7 SYSTEMPATH/View/View.php(231): CodeIgniter\View\View->CodeIgniter\View\{closure}()
 8 SYSTEMPATH/Common.php(1178): CodeIgniter\View\View->render('NotFoundView', [], true)
 9 APPPATH/Config/Routes.php(16): view('NotFoundView')
10 SYSTEMPATH/CodeIgniter.php(963): CodeIgniter\Router\RouteCollection->{closure}('Can\'t find a route for \'head: /\'.')
11 SYSTEMPATH/CodeIgniter.php(370): CodeIgniter\CodeIgniter->display404errors(Object(CodeIgniter\Exceptions\PageNotFoundException))
12 FCPATH/index.php(79): CodeIgniter\CodeIgniter->run()
CRITICAL - 2025-11-14 05:52:02 --> ErrorException: Trying to access array offset on value of type null
in APPPATH/Views/includes/sidebar.php on line 37.
 1 APPPATH/Views/includes/sidebar.php(37): CodeIgniter\Debug\Exceptions->errorHandler(2, 'Trying to access array offset on value of type null', '/home4/fduxrd/public_html/logdeurisanze/app/Views/includes/sidebar.php', 37)
 2 SYSTEMPATH/View/View.php(228): include('/home4/fduxrd/public_html/logdeurisanze/app/Views/includes/sidebar.php')
 3 SYSTEMPATH/View/View.php(231): CodeIgniter\View\View->CodeIgniter\View\{closure}()
 4 SYSTEMPATH/Common.php(1178): CodeIgniter\View\View->render('includes/sidebar', [], true)
 5 APPPATH/Views/NotFoundView.php(4): view('includes/sidebar')
 6 SYSTEMPATH/View/View.php(228): include('/home4/fduxrd/public_html/logdeurisanze/app/Views/NotFoundView.php')
 7 SYSTEMPATH/View/View.php(231): CodeIgniter\View\View->CodeIgniter\View\{closure}()
 8 SYSTEMPATH/Common.php(1178): CodeIgniter\View\View->render('NotFoundView', [], true)
 9 APPPATH/Config/Routes.php(16): view('NotFoundView')
10 SYSTEMPATH/CodeIgniter.php(963): CodeIgniter\Router\RouteCollection->{closure}('Can\'t find a route for \'head: /\'.')
11 SYSTEMPATH/CodeIgniter.php(370): CodeIgniter\CodeIgniter->display404errors(Object(CodeIgniter\Exceptions\PageNotFoundException))
12 FCPATH/index.php(79): CodeIgniter\CodeIgniter->run()
CRITICAL - 2025-11-14 07:56:23 --> ErrorException: Trying to access array offset on value of type null
in APPPATH/Views/includes/sidebar.php on line 37.
 1 APPPATH/Views/includes/sidebar.php(37): CodeIgniter\Debug\Exceptions->errorHandler(2, 'Trying to access array offset on value of type null', '/home4/fduxrd/public_html/logdeurisanze/app/Views/includes/sidebar.php', 37)
 2 SYSTEMPATH/View/View.php(228): include('/home4/fduxrd/public_html/logdeurisanze/app/Views/includes/sidebar.php')
 3 SYSTEMPATH/View/View.php(231): CodeIgniter\View\View->CodeIgniter\View\{closure}()
 4 SYSTEMPATH/Common.php(1178): CodeIgniter\View\View->render('includes/sidebar', [], true)
 5 APPPATH/Views/NotFoundView.php(4): view('includes/sidebar')
 6 SYSTEMPATH/View/View.php(228): include('/home4/fduxrd/public_html/logdeurisanze/app/Views/NotFoundView.php')
 7 SYSTEMPATH/View/View.php(231): CodeIgniter\View\View->CodeIgniter\View\{closure}()
 8 SYSTEMPATH/Common.php(1178): CodeIgniter\View\View->render('NotFoundView', [], true)
 9 APPPATH/Config/Routes.php(16): view('NotFoundView')
10 SYSTEMPATH/CodeIgniter.php(963): CodeIgniter\Router\RouteCollection->{closure}('Can\'t find a route for \'head: /\'.')
11 SYSTEMPATH/CodeIgniter.php(370): CodeIgniter\CodeIgniter->display404errors(Object(CodeIgniter\Exceptions\PageNotFoundException))
12 FCPATH/index.php(79): CodeIgniter\CodeIgniter->run()
CRITICAL - 2025-11-14 07:56:25 --> ErrorException: Trying to access array offset on value of type null
in APPPATH/Views/includes/sidebar.php on line 37.
 1 APPPATH/Views/includes/sidebar.php(37): CodeIgniter\Debug\Exceptions->errorHandler(2, 'Trying to access array offset on value of type null', '/home4/fduxrd/public_html/logdeurisanze/app/Views/includes/sidebar.php', 37)
 2 SYSTEMPATH/View/View.php(228): include('/home4/fduxrd/public_html/logdeurisanze/app/Views/includes/sidebar.php')
 3 SYSTEMPATH/View/View.php(231): CodeIgniter\View\View->CodeIgniter\View\{closure}()
 4 SYSTEMPATH/Common.php(1178): CodeIgniter\View\View->render('includes/sidebar', [], true)
 5 APPPATH/Views/NotFoundView.php(4): view('includes/sidebar')
 6 SYSTEMPATH/View/View.php(228): include('/home4/fduxrd/public_html/logdeurisanze/app/Views/NotFoundView.php')
 7 SYSTEMPATH/View/View.php(231): CodeIgniter\View\View->CodeIgniter\View\{closure}()
 8 SYSTEMPATH/Common.php(1178): CodeIgniter\View\View->render('NotFoundView', [], true)
 9 APPPATH/Config/Routes.php(16): view('NotFoundView')
10 SYSTEMPATH/CodeIgniter.php(963): CodeIgniter\Router\RouteCollection->{closure}('Can\'t find a route for \'head: /\'.')
11 SYSTEMPATH/CodeIgniter.php(370): CodeIgniter\CodeIgniter->display404errors(Object(CodeIgniter\Exceptions\PageNotFoundException))
12 FCPATH/index.php(79): CodeIgniter\CodeIgniter->run()
CRITICAL - 2025-11-14 09:46:10 --> ErrorException: Trying to access array offset on value of type null
in APPPATH/Views/includes/sidebar.php on line 37.
 1 APPPATH/Views/includes/sidebar.php(37): CodeIgniter\Debug\Exceptions->errorHandler(2, 'Trying to access array offset on value of type null', '/home4/fduxrd/public_html/logdeurisanze/app/Views/includes/sidebar.php', 37)
 2 SYSTEMPATH/View/View.php(228): include('/home4/fduxrd/public_html/logdeurisanze/app/Views/includes/sidebar.php')
 3 SYSTEMPATH/View/View.php(231): CodeIgniter\View\View->CodeIgniter\View\{closure}()
 4 SYSTEMPATH/Common.php(1178): CodeIgniter\View\View->render('includes/sidebar', [], true)
 5 APPPATH/Views/NotFoundView.php(4): view('includes/sidebar')
 6 SYSTEMPATH/View/View.php(228): include('/home4/fduxrd/public_html/logdeurisanze/app/Views/NotFoundView.php')
 7 SYSTEMPATH/View/View.php(231): CodeIgniter\View\View->CodeIgniter\View\{closure}()
 8 SYSTEMPATH/Common.php(1178): CodeIgniter\View\View->render('NotFoundView', [], true)
 9 APPPATH/Config/Routes.php(16): view('NotFoundView')
10 SYSTEMPATH/CodeIgniter.php(963): CodeIgniter\Router\RouteCollection->{closure}('Can\'t find a route for \'head: /\'.')
11 SYSTEMPATH/CodeIgniter.php(370): CodeIgniter\CodeIgniter->display404errors(Object(CodeIgniter\Exceptions\PageNotFoundException))
12 FCPATH/index.php(79): CodeIgniter\CodeIgniter->run()
CRITICAL - 2025-11-14 09:46:10 --> ErrorException: Trying to access array offset on value of type null
in APPPATH/Views/includes/sidebar.php on line 37.
 1 APPPATH/Views/includes/sidebar.php(37): CodeIgniter\Debug\Exceptions->errorHandler(2, 'Trying to access array offset on value of type null', '/home4/fduxrd/public_html/logdeurisanze/app/Views/includes/sidebar.php', 37)
 2 SYSTEMPATH/View/View.php(228): include('/home4/fduxrd/public_html/logdeurisanze/app/Views/includes/sidebar.php')
 3 SYSTEMPATH/View/View.php(231): CodeIgniter\View\View->CodeIgniter\View\{closure}()
 4 SYSTEMPATH/Common.php(1178): CodeIgniter\View\View->render('includes/sidebar', [], true)
 5 APPPATH/Views/NotFoundView.php(4): view('includes/sidebar')
 6 SYSTEMPATH/View/View.php(228): include('/home4/fduxrd/public_html/logdeurisanze/app/Views/NotFoundView.php')
 7 SYSTEMPATH/View/View.php(231): CodeIgniter\View\View->CodeIgniter\View\{closure}()
 8 SYSTEMPATH/Common.php(1178): CodeIgniter\View\View->render('NotFoundView', [], true)
 9 APPPATH/Config/Routes.php(16): view('NotFoundView')
10 SYSTEMPATH/CodeIgniter.php(963): CodeIgniter\Router\RouteCollection->{closure}('Can\'t find a route for \'head: /\'.')
11 SYSTEMPATH/CodeIgniter.php(370): CodeIgniter\CodeIgniter->display404errors(Object(CodeIgniter\Exceptions\PageNotFoundException))
12 FCPATH/index.php(79): CodeIgniter\CodeIgniter->run()
CRITICAL - 2025-11-14 11:32:53 --> ErrorException: Trying to access array offset on value of type null
in APPPATH/Views/includes/sidebar.php on line 37.
 1 APPPATH/Views/includes/sidebar.php(37): CodeIgniter\Debug\Exceptions->errorHandler(2, 'Trying to access array offset on value of type null', '/home4/fduxrd/public_html/logdeurisanze/app/Views/includes/sidebar.php', 37)
 2 SYSTEMPATH/View/View.php(228): include('/home4/fduxrd/public_html/logdeurisanze/app/Views/includes/sidebar.php')
 3 SYSTEMPATH/View/View.php(231): CodeIgniter\View\View->CodeIgniter\View\{closure}()
 4 SYSTEMPATH/Common.php(1178): CodeIgniter\View\View->render('includes/sidebar', [], true)
 5 APPPATH/Views/NotFoundView.php(4): view('includes/sidebar')
 6 SYSTEMPATH/View/View.php(228): include('/home4/fduxrd/public_html/logdeurisanze/app/Views/NotFoundView.php')
 7 SYSTEMPATH/View/View.php(231): CodeIgniter\View\View->CodeIgniter\View\{closure}()
 8 SYSTEMPATH/Common.php(1178): CodeIgniter\View\View->render('NotFoundView', [], true)
 9 APPPATH/Config/Routes.php(16): view('NotFoundView')
10 SYSTEMPATH/CodeIgniter.php(963): CodeIgniter\Router\RouteCollection->{closure}('Can\'t find a route for \'head: /\'.')
11 SYSTEMPATH/CodeIgniter.php(370): CodeIgniter\CodeIgniter->display404errors(Object(CodeIgniter\Exceptions\PageNotFoundException))
12 FCPATH/index.php(79): CodeIgniter\CodeIgniter->run()
CRITICAL - 2025-11-14 11:32:54 --> ErrorException: Trying to access array offset on value of type null
in APPPATH/Views/includes/sidebar.php on line 37.
 1 APPPATH/Views/includes/sidebar.php(37): CodeIgniter\Debug\Exceptions->errorHandler(2, 'Trying to access array offset on value of type null', '/home4/fduxrd/public_html/logdeurisanze/app/Views/includes/sidebar.php', 37)
 2 SYSTEMPATH/View/View.php(228): include('/home4/fduxrd/public_html/logdeurisanze/app/Views/includes/sidebar.php')
 3 SYSTEMPATH/View/View.php(231): CodeIgniter\View\View->CodeIgniter\View\{closure}()
 4 SYSTEMPATH/Common.php(1178): CodeIgniter\View\View->render('includes/sidebar', [], true)
 5 APPPATH/Views/NotFoundView.php(4): view('includes/sidebar')
 6 SYSTEMPATH/View/View.php(228): include('/home4/fduxrd/public_html/logdeurisanze/app/Views/NotFoundView.php')
 7 SYSTEMPATH/View/View.php(231): CodeIgniter\View\View->CodeIgniter\View\{closure}()
 8 SYSTEMPATH/Common.php(1178): CodeIgniter\View\View->render('NotFoundView', [], true)
 9 APPPATH/Config/Routes.php(16): view('NotFoundView')
10 SYSTEMPATH/CodeIgniter.php(963): CodeIgniter\Router\RouteCollection->{closure}('Can\'t find a route for \'head: /\'.')
11 SYSTEMPATH/CodeIgniter.php(370): CodeIgniter\CodeIgniter->display404errors(Object(CodeIgniter\Exceptions\PageNotFoundException))
12 FCPATH/index.php(79): CodeIgniter\CodeIgniter->run()
CRITICAL - 2025-11-14 12:42:03 --> ErrorException: Trying to access array offset on value of type null
in APPPATH/Views/includes/sidebar.php on line 37.
 1 APPPATH/Views/includes/sidebar.php(37): CodeIgniter\Debug\Exceptions->errorHandler(2, 'Trying to access array offset on value of type null', '/home4/fduxrd/public_html/logdeurisanze/app/Views/includes/sidebar.php', 37)
 2 SYSTEMPATH/View/View.php(228): include('/home4/fduxrd/public_html/logdeurisanze/app/Views/includes/sidebar.php')
 3 SYSTEMPATH/View/View.php(231): CodeIgniter\View\View->CodeIgniter\View\{closure}()
 4 SYSTEMPATH/Common.php(1178): CodeIgniter\View\View->render('includes/sidebar', [], true)
 5 APPPATH/Views/NotFoundView.php(4): view('includes/sidebar')
 6 SYSTEMPATH/View/View.php(228): include('/home4/fduxrd/public_html/logdeurisanze/app/Views/NotFoundView.php')
 7 SYSTEMPATH/View/View.php(231): CodeIgniter\View\View->CodeIgniter\View\{closure}()
 8 SYSTEMPATH/Common.php(1178): CodeIgniter\View\View->render('NotFoundView', [], true)
 9 APPPATH/Config/Routes.php(16): view('NotFoundView')
10 SYSTEMPATH/CodeIgniter.php(963): CodeIgniter\Router\RouteCollection->{closure}('Can\'t find a route for \'post: graphql\'.')
11 SYSTEMPATH/CodeIgniter.php(370): CodeIgniter\CodeIgniter->display404errors(Object(CodeIgniter\Exceptions\PageNotFoundException))
12 FCPATH/index.php(79): CodeIgniter\CodeIgniter->run()
CRITICAL - 2025-11-14 12:42:04 --> ErrorException: Trying to access array offset on value of type null
in APPPATH/Views/includes/sidebar.php on line 37.
 1 APPPATH/Views/includes/sidebar.php(37): CodeIgniter\Debug\Exceptions->errorHandler(2, 'Trying to access array offset on value of type null', '/home4/fduxrd/public_html/logdeurisanze/app/Views/includes/sidebar.php', 37)
 2 SYSTEMPATH/View/View.php(228): include('/home4/fduxrd/public_html/logdeurisanze/app/Views/includes/sidebar.php')
 3 SYSTEMPATH/View/View.php(231): CodeIgniter\View\View->CodeIgniter\View\{closure}()
 4 SYSTEMPATH/Common.php(1178): CodeIgniter\View\View->render('includes/sidebar', [], true)
 5 APPPATH/Views/NotFoundView.php(4): view('includes/sidebar')
 6 SYSTEMPATH/View/View.php(228): include('/home4/fduxrd/public_html/logdeurisanze/app/Views/NotFoundView.php')
 7 SYSTEMPATH/View/View.php(231): CodeIgniter\View\View->CodeIgniter\View\{closure}()
 8 SYSTEMPATH/Common.php(1178): CodeIgniter\View\View->render('NotFoundView', [], true)
 9 APPPATH/Config/Routes.php(16): view('NotFoundView')
10 SYSTEMPATH/CodeIgniter.php(963): CodeIgniter\Router\RouteCollection->{closure}('Can\'t find a route for \'post: api\'.')
11 SYSTEMPATH/CodeIgniter.php(370): CodeIgniter\CodeIgniter->display404errors(Object(CodeIgniter\Exceptions\PageNotFoundException))
12 FCPATH/index.php(79): CodeIgniter\CodeIgniter->run()
CRITICAL - 2025-11-14 12:42:04 --> ErrorException: Trying to access array offset on value of type null
in APPPATH/Views/includes/sidebar.php on line 37.
 1 APPPATH/Views/includes/sidebar.php(37): CodeIgniter\Debug\Exceptions->errorHandler(2, 'Trying to access array offset on value of type null', '/home4/fduxrd/public_html/logdeurisanze/app/Views/includes/sidebar.php', 37)
 2 SYSTEMPATH/View/View.php(228): include('/home4/fduxrd/public_html/logdeurisanze/app/Views/includes/sidebar.php')
 3 SYSTEMPATH/View/View.php(231): CodeIgniter\View\View->CodeIgniter\View\{closure}()
 4 SYSTEMPATH/Common.php(1178): CodeIgniter\View\View->render('includes/sidebar', [], true)
 5 APPPATH/Views/NotFoundView.php(4): view('includes/sidebar')
 6 SYSTEMPATH/View/View.php(228): include('/home4/fduxrd/public_html/logdeurisanze/app/Views/NotFoundView.php')
 7 SYSTEMPATH/View/View.php(231): CodeIgniter\View\View->CodeIgniter\View\{closure}()
 8 SYSTEMPATH/Common.php(1178): CodeIgniter\View\View->render('NotFoundView', [], true)
 9 APPPATH/Config/Routes.php(16): view('NotFoundView')
10 SYSTEMPATH/CodeIgniter.php(963): CodeIgniter\Router\RouteCollection->{closure}('Can\'t find a route for \'post: api/graphql\'.')
11 SYSTEMPATH/CodeIgniter.php(370): CodeIgniter\CodeIgniter->display404errors(Object(CodeIgniter\Exceptions\PageNotFoundException))
12 FCPATH/index.php(79): CodeIgniter\CodeIgniter->run()
CRITICAL - 2025-11-14 12:42:04 --> ErrorException: Trying to access array offset on value of type null
in APPPATH/Views/includes/sidebar.php on line 37.
 1 APPPATH/Views/includes/sidebar.php(37): CodeIgniter\Debug\Exceptions->errorHandler(2, 'Trying to access array offset on value of type null', '/home4/fduxrd/public_html/logdeurisanze/app/Views/includes/sidebar.php', 37)
 2 SYSTEMPATH/View/View.php(228): include('/home4/fduxrd/public_html/logdeurisanze/app/Views/includes/sidebar.php')
 3 SYSTEMPATH/View/View.php(231): CodeIgniter\View\View->CodeIgniter\View\{closure}()
 4 SYSTEMPATH/Common.php(1178): CodeIgniter\View\View->render('includes/sidebar', [], true)
 5 APPPATH/Views/NotFoundView.php(4): view('includes/sidebar')
 6 SYSTEMPATH/View/View.php(228): include('/home4/fduxrd/public_html/logdeurisanze/app/Views/NotFoundView.php')
 7 SYSTEMPATH/View/View.php(231): CodeIgniter\View\View->CodeIgniter\View\{closure}()
 8 SYSTEMPATH/Common.php(1178): CodeIgniter\View\View->render('NotFoundView', [], true)
 9 APPPATH/Config/Routes.php(16): view('NotFoundView')
10 SYSTEMPATH/CodeIgniter.php(963): CodeIgniter\Router\RouteCollection->{closure}('Can\'t find a route for \'post: graphql/api\'.')
11 SYSTEMPATH/CodeIgniter.php(370): CodeIgniter\CodeIgniter->display404errors(Object(CodeIgniter\Exceptions\PageNotFoundException))
12 FCPATH/index.php(79): CodeIgniter\CodeIgniter->run()
CRITICAL - 2025-11-14 12:42:05 --> ErrorException: Trying to access array offset on value of type null
in APPPATH/Views/includes/sidebar.php on line 37.
 1 APPPATH/Views/includes/sidebar.php(37): CodeIgniter\Debug\Exceptions->errorHandler(2, 'Trying to access array offset on value of type null', '/home4/fduxrd/public_html/logdeurisanze/app/Views/includes/sidebar.php', 37)
 2 SYSTEMPATH/View/View.php(228): include('/home4/fduxrd/public_html/logdeurisanze/app/Views/includes/sidebar.php')
 3 SYSTEMPATH/View/View.php(231): CodeIgniter\View\View->CodeIgniter\View\{closure}()
 4 SYSTEMPATH/Common.php(1178): CodeIgniter\View\View->render('includes/sidebar', [], true)
 5 APPPATH/Views/NotFoundView.php(4): view('includes/sidebar')
 6 SYSTEMPATH/View/View.php(228): include('/home4/fduxrd/public_html/logdeurisanze/app/Views/NotFoundView.php')
 7 SYSTEMPATH/View/View.php(231): CodeIgniter\View\View->CodeIgniter\View\{closure}()
 8 SYSTEMPATH/Common.php(1178): CodeIgniter\View\View->render('NotFoundView', [], true)
 9 APPPATH/Config/Routes.php(16): view('NotFoundView')
10 SYSTEMPATH/CodeIgniter.php(963): CodeIgniter\Router\RouteCollection->{closure}('Can\'t find a route for \'post: api/gql\'.')
11 SYSTEMPATH/CodeIgniter.php(370): CodeIgniter\CodeIgniter->display404errors(Object(CodeIgniter\Exceptions\PageNotFoundException))
12 FCPATH/index.php(79): CodeIgniter\CodeIgniter->run()
CRITICAL - 2025-11-14 12:42:05 --> ErrorException: Trying to access array offset on value of type null
in APPPATH/Views/includes/sidebar.php on line 37.
 1 APPPATH/Views/includes/sidebar.php(37): CodeIgniter\Debug\Exceptions->errorHandler(2, 'Trying to access array offset on value of type null', '/home4/fduxrd/public_html/logdeurisanze/app/Views/includes/sidebar.php', 37)
 2 SYSTEMPATH/View/View.php(228): include('/home4/fduxrd/public_html/logdeurisanze/app/Views/includes/sidebar.php')
 3 SYSTEMPATH/View/View.php(231): CodeIgniter\View\View->CodeIgniter\View\{closure}()
 4 SYSTEMPATH/Common.php(1178): CodeIgniter\View\View->render('includes/sidebar', [], true)
 5 APPPATH/Views/NotFoundView.php(4): view('includes/sidebar')
 6 SYSTEMPATH/View/View.php(228): include('/home4/fduxrd/public_html/logdeurisanze/app/Views/NotFoundView.php')
 7 SYSTEMPATH/View/View.php(231): CodeIgniter\View\View->CodeIgniter\View\{closure}()
 8 SYSTEMPATH/Common.php(1178): CodeIgniter\View\View->render('NotFoundView', [], true)
 9 APPPATH/Config/Routes.php(16): view('NotFoundView')
10 SYSTEMPATH/CodeIgniter.php(963): CodeIgniter\Router\RouteCollection->{closure}('Can\'t find a route for \'get: swagger-ui.html\'.')
11 SYSTEMPATH/CodeIgniter.php(370): CodeIgniter\CodeIgniter->display404errors(Object(CodeIgniter\Exceptions\PageNotFoundException))
12 FCPATH/index.php(79): CodeIgniter\CodeIgniter->run()
CRITICAL - 2025-11-14 12:42:05 --> ErrorException: Trying to access array offset on value of type null
in APPPATH/Views/includes/sidebar.php on line 37.
 1 APPPATH/Views/includes/sidebar.php(37): CodeIgniter\Debug\Exceptions->errorHandler(2, 'Trying to access array offset on value of type null', '/home4/fduxrd/public_html/logdeurisanze/app/Views/includes/sidebar.php', 37)
 2 SYSTEMPATH/View/View.php(228): include('/home4/fduxrd/public_html/logdeurisanze/app/Views/includes/sidebar.php')
 3 SYSTEMPATH/View/View.php(231): CodeIgniter\View\View->CodeIgniter\View\{closure}()
 4 SYSTEMPATH/Common.php(1178): CodeIgniter\View\View->render('includes/sidebar', [], true)
 5 APPPATH/Views/NotFoundView.php(4): view('includes/sidebar')
 6 SYSTEMPATH/View/View.php(228): include('/home4/fduxrd/public_html/logdeurisanze/app/Views/NotFoundView.php')
 7 SYSTEMPATH/View/View.php(231): CodeIgniter\View\View->CodeIgniter\View\{closure}()
 8 SYSTEMPATH/Common.php(1178): CodeIgniter\View\View->render('NotFoundView', [], true)
 9 APPPATH/Config/Routes.php(16): view('NotFoundView')
10 SYSTEMPATH/CodeIgniter.php(963): CodeIgniter\Router\RouteCollection->{closure}('Can\'t find a route for \'get: swagger/index.html\'.')
11 SYSTEMPATH/CodeIgniter.php(370): CodeIgniter\CodeIgniter->display404errors(Object(CodeIgniter\Exceptions\PageNotFoundException))
12 FCPATH/index.php(79): CodeIgniter\CodeIgniter->run()
CRITICAL - 2025-11-14 12:42:06 --> ErrorException: Trying to access array offset on value of type null
in APPPATH/Views/includes/sidebar.php on line 37.
 1 APPPATH/Views/includes/sidebar.php(37): CodeIgniter\Debug\Exceptions->errorHandler(2, 'Trying to access array offset on value of type null', '/home4/fduxrd/public_html/logdeurisanze/app/Views/includes/sidebar.php', 37)
 2 SYSTEMPATH/View/View.php(228): include('/home4/fduxrd/public_html/logdeurisanze/app/Views/includes/sidebar.php')
 3 SYSTEMPATH/View/View.php(231): CodeIgniter\View\View->CodeIgniter\View\{closure}()
 4 SYSTEMPATH/Common.php(1178): CodeIgniter\View\View->render('includes/sidebar', [], true)
 5 APPPATH/Views/NotFoundView.php(4): view('includes/sidebar')
 6 SYSTEMPATH/View/View.php(228): include('/home4/fduxrd/public_html/logdeurisanze/app/Views/NotFoundView.php')
 7 SYSTEMPATH/View/View.php(231): CodeIgniter\View\View->CodeIgniter\View\{closure}()
 8 SYSTEMPATH/Common.php(1178): CodeIgniter\View\View->render('NotFoundView', [], true)
 9 APPPATH/Config/Routes.php(16): view('NotFoundView')
10 SYSTEMPATH/CodeIgniter.php(963): CodeIgniter\Router\RouteCollection->{closure}('Can\'t find a route for \'get: swagger/swagger-ui.html\'.')
11 SYSTEMPATH/CodeIgniter.php(370): CodeIgniter\CodeIgniter->display404errors(Object(CodeIgniter\Exceptions\PageNotFoundException))
12 FCPATH/index.php(79): CodeIgniter\CodeIgniter->run()
CRITICAL - 2025-11-14 12:42:06 --> ErrorException: Trying to access array offset on value of type null
in APPPATH/Views/includes/sidebar.php on line 37.
 1 APPPATH/Views/includes/sidebar.php(37): CodeIgniter\Debug\Exceptions->errorHandler(2, 'Trying to access array offset on value of type null', '/home4/fduxrd/public_html/logdeurisanze/app/Views/includes/sidebar.php', 37)
 2 SYSTEMPATH/View/View.php(228): include('/home4/fduxrd/public_html/logdeurisanze/app/Views/includes/sidebar.php')
 3 SYSTEMPATH/View/View.php(231): CodeIgniter\View\View->CodeIgniter\View\{closure}()
 4 SYSTEMPATH/Common.php(1178): CodeIgniter\View\View->render('includes/sidebar', [], true)
 5 APPPATH/Views/NotFoundView.php(4): view('includes/sidebar')
 6 SYSTEMPATH/View/View.php(228): include('/home4/fduxrd/public_html/logdeurisanze/app/Views/NotFoundView.php')
 7 SYSTEMPATH/View/View.php(231): CodeIgniter\View\View->CodeIgniter\View\{closure}()
 8 SYSTEMPATH/Common.php(1178): CodeIgniter\View\View->render('NotFoundView', [], true)
 9 APPPATH/Config/Routes.php(16): view('NotFoundView')
10 SYSTEMPATH/CodeIgniter.php(963): CodeIgniter\Router\RouteCollection->{closure}('Can\'t find a route for \'get: webjars/swagger-ui/index.html\'.')
11 SYSTEMPATH/CodeIgniter.php(370): CodeIgniter\CodeIgniter->display404errors(Object(CodeIgniter\Exceptions\PageNotFoundException))
12 FCPATH/index.php(79): CodeIgniter\CodeIgniter->run()
CRITICAL - 2025-11-14 12:42:06 --> ErrorException: Trying to access array offset on value of type null
in APPPATH/Views/includes/sidebar.php on line 37.
 1 APPPATH/Views/includes/sidebar.php(37): CodeIgniter\Debug\Exceptions->errorHandler(2, 'Trying to access array offset on value of type null', '/home4/fduxrd/public_html/logdeurisanze/app/Views/includes/sidebar.php', 37)
 2 SYSTEMPATH/View/View.php(228): include('/home4/fduxrd/public_html/logdeurisanze/app/Views/includes/sidebar.php')
 3 SYSTEMPATH/View/View.php(231): CodeIgniter\View\View->CodeIgniter\View\{closure}()
 4 SYSTEMPATH/Common.php(1178): CodeIgniter\View\View->render('includes/sidebar', [], true)
 5 APPPATH/Views/NotFoundView.php(4): view('includes/sidebar')
 6 SYSTEMPATH/View/View.php(228): include('/home4/fduxrd/public_html/logdeurisanze/app/Views/NotFoundView.php')
 7 SYSTEMPATH/View/View.php(231): CodeIgniter\View\View->CodeIgniter\View\{closure}()
 8 SYSTEMPATH/Common.php(1178): CodeIgniter\View\View->render('NotFoundView', [], true)
 9 APPPATH/Config/Routes.php(16): view('NotFoundView')
10 SYSTEMPATH/CodeIgniter.php(963): CodeIgniter\Router\RouteCollection->{closure}('Can\'t find a route for \'get: swagger.json\'.')
11 SYSTEMPATH/CodeIgniter.php(370): CodeIgniter\CodeIgniter->display404errors(Object(CodeIgniter\Exceptions\PageNotFoundException))
12 FCPATH/index.php(79): CodeIgniter\CodeIgniter->run()
CRITICAL - 2025-11-14 12:42:07 --> ErrorException: Trying to access array offset on value of type null
in APPPATH/Views/includes/sidebar.php on line 37.
 1 APPPATH/Views/includes/sidebar.php(37): CodeIgniter\Debug\Exceptions->errorHandler(2, 'Trying to access array offset on value of type null', '/home4/fduxrd/public_html/logdeurisanze/app/Views/includes/sidebar.php', 37)
 2 SYSTEMPATH/View/View.php(228): include('/home4/fduxrd/public_html/logdeurisanze/app/Views/includes/sidebar.php')
 3 SYSTEMPATH/View/View.php(231): CodeIgniter\View\View->CodeIgniter\View\{closure}()
 4 SYSTEMPATH/Common.php(1178): CodeIgniter\View\View->render('includes/sidebar', [], true)
 5 APPPATH/Views/NotFoundView.php(4): view('includes/sidebar')
 6 SYSTEMPATH/View/View.php(228): include('/home4/fduxrd/public_html/logdeurisanze/app/Views/NotFoundView.php')
 7 SYSTEMPATH/View/View.php(231): CodeIgniter\View\View->CodeIgniter\View\{closure}()
 8 SYSTEMPATH/Common.php(1178): CodeIgniter\View\View->render('NotFoundView', [], true)
 9 APPPATH/Config/Routes.php(16): view('NotFoundView')
10 SYSTEMPATH/CodeIgniter.php(963): CodeIgniter\Router\RouteCollection->{closure}('Can\'t find a route for \'get: swagger/v1/swagger.json\'.')
11 SYSTEMPATH/CodeIgniter.php(370): CodeIgniter\CodeIgniter->display404errors(Object(CodeIgniter\Exceptions\PageNotFoundException))
12 FCPATH/index.php(79): CodeIgniter\CodeIgniter->run()
CRITICAL - 2025-11-14 12:42:07 --> ErrorException: Trying to access array offset on value of type null
in APPPATH/Views/includes/sidebar.php on line 37.
 1 APPPATH/Views/includes/sidebar.php(37): CodeIgniter\Debug\Exceptions->errorHandler(2, 'Trying to access array offset on value of type null', '/home4/fduxrd/public_html/logdeurisanze/app/Views/includes/sidebar.php', 37)
 2 SYSTEMPATH/View/View.php(228): include('/home4/fduxrd/public_html/logdeurisanze/app/Views/includes/sidebar.php')
 3 SYSTEMPATH/View/View.php(231): CodeIgniter\View\View->CodeIgniter\View\{closure}()
 4 SYSTEMPATH/Common.php(1178): CodeIgniter\View\View->render('includes/sidebar', [], true)
 5 APPPATH/Views/NotFoundView.php(4): view('includes/sidebar')
 6 SYSTEMPATH/View/View.php(228): include('/home4/fduxrd/public_html/logdeurisanze/app/Views/NotFoundView.php')
 7 SYSTEMPATH/View/View.php(231): CodeIgniter\View\View->CodeIgniter\View\{closure}()
 8 SYSTEMPATH/Common.php(1178): CodeIgniter\View\View->render('NotFoundView', [], true)
 9 APPPATH/Config/Routes.php(16): view('NotFoundView')
10 SYSTEMPATH/CodeIgniter.php(963): CodeIgniter\Router\RouteCollection->{closure}('Can\'t find a route for \'get: v2/api-docs\'.')
11 SYSTEMPATH/CodeIgniter.php(370): CodeIgniter\CodeIgniter->display404errors(Object(CodeIgniter\Exceptions\PageNotFoundException))
12 FCPATH/index.php(79): CodeIgniter\CodeIgniter->run()
CRITICAL - 2025-11-14 12:42:07 --> ErrorException: Trying to access array offset on value of type null
in APPPATH/Views/includes/sidebar.php on line 37.
 1 APPPATH/Views/includes/sidebar.php(37): CodeIgniter\Debug\Exceptions->errorHandler(2, 'Trying to access array offset on value of type null', '/home4/fduxrd/public_html/logdeurisanze/app/Views/includes/sidebar.php', 37)
 2 SYSTEMPATH/View/View.php(228): include('/home4/fduxrd/public_html/logdeurisanze/app/Views/includes/sidebar.php')
 3 SYSTEMPATH/View/View.php(231): CodeIgniter\View\View->CodeIgniter\View\{closure}()
 4 SYSTEMPATH/Common.php(1178): CodeIgniter\View\View->render('includes/sidebar', [], true)
 5 APPPATH/Views/NotFoundView.php(4): view('includes/sidebar')
 6 SYSTEMPATH/View/View.php(228): include('/home4/fduxrd/public_html/logdeurisanze/app/Views/NotFoundView.php')
 7 SYSTEMPATH/View/View.php(231): CodeIgniter\View\View->CodeIgniter\View\{closure}()
 8 SYSTEMPATH/Common.php(1178): CodeIgniter\View\View->render('NotFoundView', [], true)
 9 APPPATH/Config/Routes.php(16): view('NotFoundView')
10 SYSTEMPATH/CodeIgniter.php(963): CodeIgniter\Router\RouteCollection->{closure}('Can\'t find a route for \'get: v3/api-docs\'.')
11 SYSTEMPATH/CodeIgniter.php(370): CodeIgniter\CodeIgniter->display404errors(Object(CodeIgniter\Exceptions\PageNotFoundException))
12 FCPATH/index.php(79): CodeIgniter\CodeIgniter->run()
CRITICAL - 2025-11-14 12:42:07 --> ErrorException: Trying to access array offset on value of type null
in APPPATH/Views/includes/sidebar.php on line 37.
 1 APPPATH/Views/includes/sidebar.php(37): CodeIgniter\Debug\Exceptions->errorHandler(2, 'Trying to access array offset on value of type null', '/home4/fduxrd/public_html/logdeurisanze/app/Views/includes/sidebar.php', 37)
 2 SYSTEMPATH/View/View.php(228): include('/home4/fduxrd/public_html/logdeurisanze/app/Views/includes/sidebar.php')
 3 SYSTEMPATH/View/View.php(231): CodeIgniter\View\View->CodeIgniter\View\{closure}()
 4 SYSTEMPATH/Common.php(1178): CodeIgniter\View\View->render('includes/sidebar', [], true)
 5 APPPATH/Views/NotFoundView.php(4): view('includes/sidebar')
 6 SYSTEMPATH/View/View.php(228): include('/home4/fduxrd/public_html/logdeurisanze/app/Views/NotFoundView.php')
 7 SYSTEMPATH/View/View.php(231): CodeIgniter\View\View->CodeIgniter\View\{closure}()
 8 SYSTEMPATH/Common.php(1178): CodeIgniter\View\View->render('NotFoundView', [], true)
 9 APPPATH/Config/Routes.php(16): view('NotFoundView')
10 SYSTEMPATH/CodeIgniter.php(963): CodeIgniter\Router\RouteCollection->{closure}('Can\'t find a route for \'get: api-docs/swagger.json\'.')
11 SYSTEMPATH/CodeIgniter.php(370): CodeIgniter\CodeIgniter->display404errors(Object(CodeIgniter\Exceptions\PageNotFoundException))
12 FCPATH/index.php(79): CodeIgniter\CodeIgniter->run()
CRITICAL - 2025-11-14 12:42:07 --> ErrorException: Trying to access array offset on value of type null
in APPPATH/Views/includes/sidebar.php on line 37.
 1 APPPATH/Views/includes/sidebar.php(37): CodeIgniter\Debug\Exceptions->errorHandler(2, 'Trying to access array offset on value of type null', '/home4/fduxrd/public_html/logdeurisanze/app/Views/includes/sidebar.php', 37)
 2 SYSTEMPATH/View/View.php(228): include('/home4/fduxrd/public_html/logdeurisanze/app/Views/includes/sidebar.php')
 3 SYSTEMPATH/View/View.php(231): CodeIgniter\View\View->CodeIgniter\View\{closure}()
 4 SYSTEMPATH/Common.php(1178): CodeIgniter\View\View->render('includes/sidebar', [], true)
 5 APPPATH/Views/NotFoundView.php(4): view('includes/sidebar')
 6 SYSTEMPATH/View/View.php(228): include('/home4/fduxrd/public_html/logdeurisanze/app/Views/NotFoundView.php')
 7 SYSTEMPATH/View/View.php(231): CodeIgniter\View\View->CodeIgniter\View\{closure}()
 8 SYSTEMPATH/Common.php(1178): CodeIgniter\View\View->render('NotFoundView', [], true)
 9 APPPATH/Config/Routes.php(16): view('NotFoundView')
10 SYSTEMPATH/CodeIgniter.php(963): CodeIgniter\Router\RouteCollection->{closure}('Can\'t find a route for \'get: api/swagger.json\'.')
11 SYSTEMPATH/CodeIgniter.php(370): CodeIgniter\CodeIgniter->display404errors(Object(CodeIgniter\Exceptions\PageNotFoundException))
12 FCPATH/index.php(79): CodeIgniter\CodeIgniter->run()
CRITICAL - 2025-11-14 12:42:08 --> CodeIgniter\HTTP\Exceptions\BadRequestException: The URI you submitted has disallowed characters: "@vite"
in SYSTEMPATH/Router/Router.php on line 704.
 1 SYSTEMPATH/Router/Router.php(195): CodeIgniter\Router\Router->checkDisallowedChars('@vite/env')
 2 SYSTEMPATH/CodeIgniter.php(825): CodeIgniter\Router\Router->handle('@vite/env')
 3 SYSTEMPATH/CodeIgniter.php(450): CodeIgniter\CodeIgniter->tryToRouteIt(Object(CodeIgniter\Router\RouteCollection))
 4 SYSTEMPATH/CodeIgniter.php(361): CodeIgniter\CodeIgniter->handleRequest(null, Object(Config\Cache), false)
 5 FCPATH/index.php(79): CodeIgniter\CodeIgniter->run()
CRITICAL - 2025-11-14 12:42:08 --> ErrorException: Trying to access array offset on value of type null
in APPPATH/Views/includes/sidebar.php on line 37.
 1 APPPATH/Views/includes/sidebar.php(37): CodeIgniter\Debug\Exceptions->errorHandler(2, 'Trying to access array offset on value of type null', '/home4/fduxrd/public_html/logdeurisanze/app/Views/includes/sidebar.php', 37)
 2 SYSTEMPATH/View/View.php(228): include('/home4/fduxrd/public_html/logdeurisanze/app/Views/includes/sidebar.php')
 3 SYSTEMPATH/View/View.php(231): CodeIgniter\View\View->CodeIgniter\View\{closure}()
 4 SYSTEMPATH/Common.php(1178): CodeIgniter\View\View->render('includes/sidebar', [], true)
 5 APPPATH/Views/NotFoundView.php(4): view('includes/sidebar')
 6 SYSTEMPATH/View/View.php(228): include('/home4/fduxrd/public_html/logdeurisanze/app/Views/NotFoundView.php')
 7 SYSTEMPATH/View/View.php(231): CodeIgniter\View\View->CodeIgniter\View\{closure}()
 8 SYSTEMPATH/Common.php(1178): CodeIgniter\View\View->render('NotFoundView', [], true)
 9 APPPATH/Config/Routes.php(16): view('NotFoundView')
10 SYSTEMPATH/CodeIgniter.php(963): CodeIgniter\Router\RouteCollection->{closure}('Can\'t find a route for \'get: actuator/env\'.')
11 SYSTEMPATH/CodeIgniter.php(370): CodeIgniter\CodeIgniter->display404errors(Object(CodeIgniter\Exceptions\PageNotFoundException))
12 FCPATH/index.php(79): CodeIgniter\CodeIgniter->run()
CRITICAL - 2025-11-14 12:42:09 --> ErrorException: Trying to access array offset on value of type null
in APPPATH/Views/includes/sidebar.php on line 37.
 1 APPPATH/Views/includes/sidebar.php(37): CodeIgniter\Debug\Exceptions->errorHandler(2, 'Trying to access array offset on value of type null', '/home4/fduxrd/public_html/logdeurisanze/app/Views/includes/sidebar.php', 37)
 2 SYSTEMPATH/View/View.php(228): include('/home4/fduxrd/public_html/logdeurisanze/app/Views/includes/sidebar.php')
 3 SYSTEMPATH/View/View.php(231): CodeIgniter\View\View->CodeIgniter\View\{closure}()
 4 SYSTEMPATH/Common.php(1178): CodeIgniter\View\View->render('includes/sidebar', [], true)
 5 APPPATH/Views/NotFoundView.php(4): view('includes/sidebar')
 6 SYSTEMPATH/View/View.php(228): include('/home4/fduxrd/public_html/logdeurisanze/app/Views/NotFoundView.php')
 7 SYSTEMPATH/View/View.php(231): CodeIgniter\View\View->CodeIgniter\View\{closure}()
 8 SYSTEMPATH/Common.php(1178): CodeIgniter\View\View->render('NotFoundView', [], true)
 9 APPPATH/Config/Routes.php(16): view('NotFoundView')
10 SYSTEMPATH/CodeIgniter.php(963): CodeIgniter\Router\RouteCollection->{closure}('Can\'t find a route for \'get: server\'.')
11 SYSTEMPATH/CodeIgniter.php(370): CodeIgniter\CodeIgniter->display404errors(Object(CodeIgniter\Exceptions\PageNotFoundException))
12 FCPATH/index.php(79): CodeIgniter\CodeIgniter->run()
CRITICAL - 2025-11-14 12:42:09 --> ErrorException: Trying to access array offset on value of type null
in APPPATH/Views/includes/sidebar.php on line 37.
 1 APPPATH/Views/includes/sidebar.php(37): CodeIgniter\Debug\Exceptions->errorHandler(2, 'Trying to access array offset on value of type null', '/home4/fduxrd/public_html/logdeurisanze/app/Views/includes/sidebar.php', 37)
 2 SYSTEMPATH/View/View.php(228): include('/home4/fduxrd/public_html/logdeurisanze/app/Views/includes/sidebar.php')
 3 SYSTEMPATH/View/View.php(231): CodeIgniter\View\View->CodeIgniter\View\{closure}()
 4 SYSTEMPATH/Common.php(1178): CodeIgniter\View\View->render('includes/sidebar', [], true)
 5 APPPATH/Views/NotFoundView.php(4): view('includes/sidebar')
 6 SYSTEMPATH/View/View.php(228): include('/home4/fduxrd/public_html/logdeurisanze/app/Views/NotFoundView.php')
 7 SYSTEMPATH/View/View.php(231): CodeIgniter\View\View->CodeIgniter\View\{closure}()
 8 SYSTEMPATH/Common.php(1178): CodeIgniter\View\View->render('NotFoundView', [], true)
 9 APPPATH/Config/Routes.php(16): view('NotFoundView')
10 SYSTEMPATH/CodeIgniter.php(963): CodeIgniter\Router\RouteCollection->{closure}('Can\'t find a route for \'get: .vscode/sftp.json\'.')
11 SYSTEMPATH/CodeIgniter.php(370): CodeIgniter\CodeIgniter->display404errors(Object(CodeIgniter\Exceptions\PageNotFoundException))
12 FCPATH/index.php(79): CodeIgniter\CodeIgniter->run()
CRITICAL - 2025-11-14 12:42:10 --> ErrorException: Trying to access array offset on value of type null
in APPPATH/Views/includes/sidebar.php on line 37.
 1 APPPATH/Views/includes/sidebar.php(37): CodeIgniter\Debug\Exceptions->errorHandler(2, 'Trying to access array offset on value of type null', '/home4/fduxrd/public_html/logdeurisanze/app/Views/includes/sidebar.php', 37)
 2 SYSTEMPATH/View/View.php(228): include('/home4/fduxrd/public_html/logdeurisanze/app/Views/includes/sidebar.php')
 3 SYSTEMPATH/View/View.php(231): CodeIgniter\View\View->CodeIgniter\View\{closure}()
 4 SYSTEMPATH/Common.php(1178): CodeIgniter\View\View->render('includes/sidebar', [], true)
 5 APPPATH/Views/NotFoundView.php(4): view('includes/sidebar')
 6 SYSTEMPATH/View/View.php(228): include('/home4/fduxrd/public_html/logdeurisanze/app/Views/NotFoundView.php')
 7 SYSTEMPATH/View/View.php(231): CodeIgniter\View\View->CodeIgniter\View\{closure}()
 8 SYSTEMPATH/Common.php(1178): CodeIgniter\View\View->render('NotFoundView', [], true)
 9 APPPATH/Config/Routes.php(16): view('NotFoundView')
10 SYSTEMPATH/CodeIgniter.php(963): CodeIgniter\Router\RouteCollection->{closure}('Can\'t find a route for \'get: about\'.')
11 SYSTEMPATH/CodeIgniter.php(370): CodeIgniter\CodeIgniter->display404errors(Object(CodeIgniter\Exceptions\PageNotFoundException))
12 FCPATH/index.php(79): CodeIgniter\CodeIgniter->run()
CRITICAL - 2025-11-14 12:42:10 --> ErrorException: Trying to access array offset on value of type null
in APPPATH/Views/includes/sidebar.php on line 37.
 1 APPPATH/Views/includes/sidebar.php(37): CodeIgniter\Debug\Exceptions->errorHandler(2, 'Trying to access array offset on value of type null', '/home4/fduxrd/public_html/logdeurisanze/app/Views/includes/sidebar.php', 37)
 2 SYSTEMPATH/View/View.php(228): include('/home4/fduxrd/public_html/logdeurisanze/app/Views/includes/sidebar.php')
 3 SYSTEMPATH/View/View.php(231): CodeIgniter\View\View->CodeIgniter\View\{closure}()
 4 SYSTEMPATH/Common.php(1178): CodeIgniter\View\View->render('includes/sidebar', [], true)
 5 APPPATH/Views/NotFoundView.php(4): view('includes/sidebar')
 6 SYSTEMPATH/View/View.php(228): include('/home4/fduxrd/public_html/logdeurisanze/app/Views/NotFoundView.php')
 7 SYSTEMPATH/View/View.php(231): CodeIgniter\View\View->CodeIgniter\View\{closure}()
 8 SYSTEMPATH/Common.php(1178): CodeIgniter\View\View->render('NotFoundView', [], true)
 9 APPPATH/Config/Routes.php(16): view('NotFoundView')
10 SYSTEMPATH/CodeIgniter.php(963): CodeIgniter\Router\RouteCollection->{closure}('Can\'t find a route for \'get: debug/default/view\'.')
11 SYSTEMPATH/CodeIgniter.php(370): CodeIgniter\CodeIgniter->display404errors(Object(CodeIgniter\Exceptions\PageNotFoundException))
12 FCPATH/index.php(79): CodeIgniter\CodeIgniter->run()
CRITICAL - 2025-11-14 12:42:10 --> ErrorException: Trying to access array offset on value of type null
in APPPATH/Views/includes/sidebar.php on line 37.
 1 APPPATH/Views/includes/sidebar.php(37): CodeIgniter\Debug\Exceptions->errorHandler(2, 'Trying to access array offset on value of type null', '/home4/fduxrd/public_html/logdeurisanze/app/Views/includes/sidebar.php', 37)
 2 SYSTEMPATH/View/View.php(228): include('/home4/fduxrd/public_html/logdeurisanze/app/Views/includes/sidebar.php')
 3 SYSTEMPATH/View/View.php(231): CodeIgniter\View\View->CodeIgniter\View\{closure}()
 4 SYSTEMPATH/Common.php(1178): CodeIgniter\View\View->render('includes/sidebar', [], true)
 5 APPPATH/Views/NotFoundView.php(4): view('includes/sidebar')
 6 SYSTEMPATH/View/View.php(228): include('/home4/fduxrd/public_html/logdeurisanze/app/Views/NotFoundView.php')
 7 SYSTEMPATH/View/View.php(231): CodeIgniter\View\View->CodeIgniter\View\{closure}()
 8 SYSTEMPATH/Common.php(1178): CodeIgniter\View\View->render('NotFoundView', [], true)
 9 APPPATH/Config/Routes.php(16): view('NotFoundView')
10 SYSTEMPATH/CodeIgniter.php(963): CodeIgniter\Router\RouteCollection->{closure}('Can\'t find a route for \'get: v2/_catalog\'.')
11 SYSTEMPATH/CodeIgniter.php(370): CodeIgniter\CodeIgniter->display404errors(Object(CodeIgniter\Exceptions\PageNotFoundException))
12 FCPATH/index.php(79): CodeIgniter\CodeIgniter->run()
CRITICAL - 2025-11-14 12:42:10 --> ErrorException: Trying to access array offset on value of type null
in APPPATH/Views/includes/sidebar.php on line 37.
 1 APPPATH/Views/includes/sidebar.php(37): CodeIgniter\Debug\Exceptions->errorHandler(2, 'Trying to access array offset on value of type null', '/home4/fduxrd/public_html/logdeurisanze/app/Views/includes/sidebar.php', 37)
 2 SYSTEMPATH/View/View.php(228): include('/home4/fduxrd/public_html/logdeurisanze/app/Views/includes/sidebar.php')
 3 SYSTEMPATH/View/View.php(231): CodeIgniter\View\View->CodeIgniter\View\{closure}()
 4 SYSTEMPATH/Common.php(1178): CodeIgniter\View\View->render('includes/sidebar', [], true)
 5 APPPATH/Views/NotFoundView.php(4): view('includes/sidebar')
 6 SYSTEMPATH/View/View.php(228): include('/home4/fduxrd/public_html/logdeurisanze/app/Views/NotFoundView.php')
 7 SYSTEMPATH/View/View.php(231): CodeIgniter\View\View->CodeIgniter\View\{closure}()
 8 SYSTEMPATH/Common.php(1178): CodeIgniter\View\View->render('NotFoundView', [], true)
 9 APPPATH/Config/Routes.php(16): view('NotFoundView')
10 SYSTEMPATH/CodeIgniter.php(963): CodeIgniter\Router\RouteCollection->{closure}('Can\'t find a route for \'get: ecp/Current/exporttool/microsoft.exchange.ediscovery.exporttool.application\'.')
11 SYSTEMPATH/CodeIgniter.php(370): CodeIgniter\CodeIgniter->display404errors(Object(CodeIgniter\Exceptions\PageNotFoundException))
12 FCPATH/index.php(79): CodeIgniter\CodeIgniter->run()
CRITICAL - 2025-11-14 12:42:10 --> ErrorException: Trying to access array offset on value of type null
in APPPATH/Views/includes/sidebar.php on line 37.
 1 APPPATH/Views/includes/sidebar.php(37): CodeIgniter\Debug\Exceptions->errorHandler(2, 'Trying to access array offset on value of type null', '/home4/fduxrd/public_html/logdeurisanze/app/Views/includes/sidebar.php', 37)
 2 SYSTEMPATH/View/View.php(228): include('/home4/fduxrd/public_html/logdeurisanze/app/Views/includes/sidebar.php')
 3 SYSTEMPATH/View/View.php(231): CodeIgniter\View\View->CodeIgniter\View\{closure}()
 4 SYSTEMPATH/Common.php(1178): CodeIgniter\View\View->render('includes/sidebar', [], true)
 5 APPPATH/Views/NotFoundView.php(4): view('includes/sidebar')
 6 SYSTEMPATH/View/View.php(228): include('/home4/fduxrd/public_html/logdeurisanze/app/Views/NotFoundView.php')
 7 SYSTEMPATH/View/View.php(231): CodeIgniter\View\View->CodeIgniter\View\{closure}()
 8 SYSTEMPATH/Common.php(1178): CodeIgniter\View\View->render('NotFoundView', [], true)
 9 APPPATH/Config/Routes.php(16): view('NotFoundView')
10 SYSTEMPATH/CodeIgniter.php(963): CodeIgniter\Router\RouteCollection->{closure}('Can\'t find a route for \'get: server-status\'.')
11 SYSTEMPATH/CodeIgniter.php(370): CodeIgniter\CodeIgniter->display404errors(Object(CodeIgniter\Exceptions\PageNotFoundException))
12 FCPATH/index.php(79): CodeIgniter\CodeIgniter->run()
CRITICAL - 2025-11-14 12:42:11 --> ErrorException: Trying to access array offset on value of type null
in APPPATH/Views/includes/sidebar.php on line 37.
 1 APPPATH/Views/includes/sidebar.php(37): CodeIgniter\Debug\Exceptions->errorHandler(2, 'Trying to access array offset on value of type null', '/home4/fduxrd/public_html/logdeurisanze/app/Views/includes/sidebar.php', 37)
 2 SYSTEMPATH/View/View.php(228): include('/home4/fduxrd/public_html/logdeurisanze/app/Views/includes/sidebar.php')
 3 SYSTEMPATH/View/View.php(231): CodeIgniter\View\View->CodeIgniter\View\{closure}()
 4 SYSTEMPATH/Common.php(1178): CodeIgniter\View\View->render('includes/sidebar', [], true)
 5 APPPATH/Views/NotFoundView.php(4): view('includes/sidebar')
 6 SYSTEMPATH/View/View.php(228): include('/home4/fduxrd/public_html/logdeurisanze/app/Views/NotFoundView.php')
 7 SYSTEMPATH/View/View.php(231): CodeIgniter\View\View->CodeIgniter\View\{closure}()
 8 SYSTEMPATH/Common.php(1178): CodeIgniter\View\View->render('NotFoundView', [], true)
 9 APPPATH/Config/Routes.php(16): view('NotFoundView')
10 SYSTEMPATH/CodeIgniter.php(963): CodeIgniter\Router\RouteCollection->{closure}('Can\'t find a route for \'get: login.action\'.')
11 SYSTEMPATH/CodeIgniter.php(370): CodeIgniter\CodeIgniter->display404errors(Object(CodeIgniter\Exceptions\PageNotFoundException))
12 FCPATH/index.php(79): CodeIgniter\CodeIgniter->run()
CRITICAL - 2025-11-14 12:42:11 --> ErrorException: Trying to access array offset on value of type null
in APPPATH/Views/includes/sidebar.php on line 37.
 1 APPPATH/Views/includes/sidebar.php(37): CodeIgniter\Debug\Exceptions->errorHandler(2, 'Trying to access array offset on value of type null', '/home4/fduxrd/public_html/logdeurisanze/app/Views/includes/sidebar.php', 37)
 2 SYSTEMPATH/View/View.php(228): include('/home4/fduxrd/public_html/logdeurisanze/app/Views/includes/sidebar.php')
 3 SYSTEMPATH/View/View.php(231): CodeIgniter\View\View->CodeIgniter\View\{closure}()
 4 SYSTEMPATH/Common.php(1178): CodeIgniter\View\View->render('includes/sidebar', [], true)
 5 APPPATH/Views/NotFoundView.php(4): view('includes/sidebar')
 6 SYSTEMPATH/View/View.php(228): include('/home4/fduxrd/public_html/logdeurisanze/app/Views/NotFoundView.php')
 7 SYSTEMPATH/View/View.php(231): CodeIgniter\View\View->CodeIgniter\View\{closure}()
 8 SYSTEMPATH/Common.php(1178): CodeIgniter\View\View->render('NotFoundView', [], true)
 9 APPPATH/Config/Routes.php(16): view('NotFoundView')
10 SYSTEMPATH/CodeIgniter.php(963): CodeIgniter\Router\RouteCollection->{closure}('Can\'t find a route for \'get: _all_dbs\'.')
11 SYSTEMPATH/CodeIgniter.php(370): CodeIgniter\CodeIgniter->display404errors(Object(CodeIgniter\Exceptions\PageNotFoundException))
12 FCPATH/index.php(79): CodeIgniter\CodeIgniter->run()
CRITICAL - 2025-11-14 12:42:11 --> ErrorException: Trying to access array offset on value of type null
in APPPATH/Views/includes/sidebar.php on line 37.
 1 APPPATH/Views/includes/sidebar.php(37): CodeIgniter\Debug\Exceptions->errorHandler(2, 'Trying to access array offset on value of type null', '/home4/fduxrd/public_html/logdeurisanze/app/Views/includes/sidebar.php', 37)
 2 SYSTEMPATH/View/View.php(228): include('/home4/fduxrd/public_html/logdeurisanze/app/Views/includes/sidebar.php')
 3 SYSTEMPATH/View/View.php(231): CodeIgniter\View\View->CodeIgniter\View\{closure}()
 4 SYSTEMPATH/Common.php(1178): CodeIgniter\View\View->render('includes/sidebar', [], true)
 5 APPPATH/Views/NotFoundView.php(4): view('includes/sidebar')
 6 SYSTEMPATH/View/View.php(228): include('/home4/fduxrd/public_html/logdeurisanze/app/Views/NotFoundView.php')
 7 SYSTEMPATH/View/View.php(231): CodeIgniter\View\View->CodeIgniter\View\{closure}()
 8 SYSTEMPATH/Common.php(1178): CodeIgniter\View\View->render('NotFoundView', [], true)
 9 APPPATH/Config/Routes.php(16): view('NotFoundView')
10 SYSTEMPATH/CodeIgniter.php(963): CodeIgniter\Router\RouteCollection->{closure}('Can\'t find a route for \'get: .DS_Store\'.')
11 SYSTEMPATH/CodeIgniter.php(370): CodeIgniter\CodeIgniter->display404errors(Object(CodeIgniter\Exceptions\PageNotFoundException))
12 FCPATH/index.php(79): CodeIgniter\CodeIgniter->run()
CRITICAL - 2025-11-14 12:42:11 --> ErrorException: Trying to access array offset on value of type null
in APPPATH/Views/includes/sidebar.php on line 37.
 1 APPPATH/Views/includes/sidebar.php(37): CodeIgniter\Debug\Exceptions->errorHandler(2, 'Trying to access array offset on value of type null', '/home4/fduxrd/public_html/logdeurisanze/app/Views/includes/sidebar.php', 37)
 2 SYSTEMPATH/View/View.php(228): include('/home4/fduxrd/public_html/logdeurisanze/app/Views/includes/sidebar.php')
 3 SYSTEMPATH/View/View.php(231): CodeIgniter\View\View->CodeIgniter\View\{closure}()
 4 SYSTEMPATH/Common.php(1178): CodeIgniter\View\View->render('includes/sidebar', [], true)
 5 APPPATH/Views/NotFoundView.php(4): view('includes/sidebar')
 6 SYSTEMPATH/View/View.php(228): include('/home4/fduxrd/public_html/logdeurisanze/app/Views/NotFoundView.php')
 7 SYSTEMPATH/View/View.php(231): CodeIgniter\View\View->CodeIgniter\View\{closure}()
 8 SYSTEMPATH/Common.php(1178): CodeIgniter\View\View->render('NotFoundView', [], true)
 9 APPPATH/Config/Routes.php(16): view('NotFoundView')
10 SYSTEMPATH/CodeIgniter.php(963): CodeIgniter\Router\RouteCollection->{closure}('Can\'t find a route for \'get: .env\'.')
11 SYSTEMPATH/CodeIgniter.php(370): CodeIgniter\CodeIgniter->display404errors(Object(CodeIgniter\Exceptions\PageNotFoundException))
12 FCPATH/index.php(79): CodeIgniter\CodeIgniter->run()
CRITICAL - 2025-11-14 12:42:12 --> CodeIgniter\HTTP\Exceptions\BadRequestException: The URI you submitted has disallowed characters: ";"
in SYSTEMPATH/Router/Router.php on line 704.
 1 SYSTEMPATH/Router/Router.php(195): CodeIgniter\Router\Router->checkDisallowedChars('s/831323e2635313e29353e223/_/;/META-INF/maven/com.atlassian.jira/jira-webapp-dist/pom.properties')
 2 SYSTEMPATH/CodeIgniter.php(825): CodeIgniter\Router\Router->handle('s/831323e2635313e29353e223/_/;/META-INF/maven/com.atlassian.jira/jira-webapp-dist/pom.properties')
 3 SYSTEMPATH/CodeIgniter.php(450): CodeIgniter\CodeIgniter->tryToRouteIt(Object(CodeIgniter\Router\RouteCollection))
 4 SYSTEMPATH/CodeIgniter.php(361): CodeIgniter\CodeIgniter->handleRequest(null, Object(Config\Cache), false)
 5 FCPATH/index.php(79): CodeIgniter\CodeIgniter->run()
CRITICAL - 2025-11-14 12:42:12 --> ErrorException: Trying to access array offset on value of type null
in APPPATH/Views/includes/sidebar.php on line 37.
 1 APPPATH/Views/includes/sidebar.php(37): CodeIgniter\Debug\Exceptions->errorHandler(2, 'Trying to access array offset on value of type null', '/home4/fduxrd/public_html/logdeurisanze/app/Views/includes/sidebar.php', 37)
 2 SYSTEMPATH/View/View.php(228): include('/home4/fduxrd/public_html/logdeurisanze/app/Views/includes/sidebar.php')
 3 SYSTEMPATH/View/View.php(231): CodeIgniter\View\View->CodeIgniter\View\{closure}()
 4 SYSTEMPATH/Common.php(1178): CodeIgniter\View\View->render('includes/sidebar', [], true)
 5 APPPATH/Views/NotFoundView.php(4): view('includes/sidebar')
 6 SYSTEMPATH/View/View.php(228): include('/home4/fduxrd/public_html/logdeurisanze/app/Views/NotFoundView.php')
 7 SYSTEMPATH/View/View.php(231): CodeIgniter\View\View->CodeIgniter\View\{closure}()
 8 SYSTEMPATH/Common.php(1178): CodeIgniter\View\View->render('NotFoundView', [], true)
 9 APPPATH/Config/Routes.php(16): view('NotFoundView')
10 SYSTEMPATH/CodeIgniter.php(963): CodeIgniter\Router\RouteCollection->{closure}('Can\'t find a route for \'get: config.json\'.')
11 SYSTEMPATH/CodeIgniter.php(370): CodeIgniter\CodeIgniter->display404errors(Object(CodeIgniter\Exceptions\PageNotFoundException))
12 FCPATH/index.php(79): CodeIgniter\CodeIgniter->run()
CRITICAL - 2025-11-14 12:42:12 --> ErrorException: Trying to access array offset on value of type null
in APPPATH/Views/includes/sidebar.php on line 37.
 1 APPPATH/Views/includes/sidebar.php(37): CodeIgniter\Debug\Exceptions->errorHandler(2, 'Trying to access array offset on value of type null', '/home4/fduxrd/public_html/logdeurisanze/app/Views/includes/sidebar.php', 37)
 2 SYSTEMPATH/View/View.php(228): include('/home4/fduxrd/public_html/logdeurisanze/app/Views/includes/sidebar.php')
 3 SYSTEMPATH/View/View.php(231): CodeIgniter\View\View->CodeIgniter\View\{closure}()
 4 SYSTEMPATH/Common.php(1178): CodeIgniter\View\View->render('includes/sidebar', [], true)
 5 APPPATH/Views/NotFoundView.php(4): view('includes/sidebar')
 6 SYSTEMPATH/View/View.php(228): include('/home4/fduxrd/public_html/logdeurisanze/app/Views/NotFoundView.php')
 7 SYSTEMPATH/View/View.php(231): CodeIgniter\View\View->CodeIgniter\View\{closure}()
 8 SYSTEMPATH/Common.php(1178): CodeIgniter\View\View->render('NotFoundView', [], true)
 9 APPPATH/Config/Routes.php(16): view('NotFoundView')
10 SYSTEMPATH/CodeIgniter.php(963): CodeIgniter\Router\RouteCollection->{closure}('Can\'t find a route for \'get: telescope/requests\'.')
11 SYSTEMPATH/CodeIgniter.php(370): CodeIgniter\CodeIgniter->display404errors(Object(CodeIgniter\Exceptions\PageNotFoundException))
12 FCPATH/index.php(79): CodeIgniter\CodeIgniter->run()
CRITICAL - 2025-11-14 12:42:12 --> ErrorException: Trying to access array offset on value of type null
in APPPATH/Views/includes/sidebar.php on line 37.
 1 APPPATH/Views/includes/sidebar.php(37): CodeIgniter\Debug\Exceptions->errorHandler(2, 'Trying to access array offset on value of type null', '/home4/fduxrd/public_html/logdeurisanze/app/Views/includes/sidebar.php', 37)
 2 SYSTEMPATH/View/View.php(228): include('/home4/fduxrd/public_html/logdeurisanze/app/Views/includes/sidebar.php')
 3 SYSTEMPATH/View/View.php(231): CodeIgniter\View\View->CodeIgniter\View\{closure}()
 4 SYSTEMPATH/Common.php(1178): CodeIgniter\View\View->render('includes/sidebar', [], true)
 5 APPPATH/Views/NotFoundView.php(4): view('includes/sidebar')
 6 SYSTEMPATH/View/View.php(228): include('/home4/fduxrd/public_html/logdeurisanze/app/Views/NotFoundView.php')
 7 SYSTEMPATH/View/View.php(231): CodeIgniter\View\View->CodeIgniter\View\{closure}()
 8 SYSTEMPATH/Common.php(1178): CodeIgniter\View\View->render('NotFoundView', [], true)
 9 APPPATH/Config/Routes.php(16): view('NotFoundView')
10 SYSTEMPATH/CodeIgniter.php(963): CodeIgniter\Router\RouteCollection->{closure}('Can\'t find a route for \'get: info.php\'.')
11 SYSTEMPATH/CodeIgniter.php(370): CodeIgniter\CodeIgniter->display404errors(Object(CodeIgniter\Exceptions\PageNotFoundException))
12 FCPATH/index.php(79): CodeIgniter\CodeIgniter->run()
CRITICAL - 2025-11-14 13:35:00 --> ErrorException: Trying to access array offset on value of type null
in APPPATH/Views/includes/sidebar.php on line 37.
 1 APPPATH/Views/includes/sidebar.php(37): CodeIgniter\Debug\Exceptions->errorHandler(2, 'Trying to access array offset on value of type null', '/home4/fduxrd/public_html/logdeurisanze/app/Views/includes/sidebar.php', 37)
 2 SYSTEMPATH/View/View.php(228): include('/home4/fduxrd/public_html/logdeurisanze/app/Views/includes/sidebar.php')
 3 SYSTEMPATH/View/View.php(231): CodeIgniter\View\View->CodeIgniter\View\{closure}()
 4 SYSTEMPATH/Common.php(1178): CodeIgniter\View\View->render('includes/sidebar', [], true)
 5 APPPATH/Views/NotFoundView.php(4): view('includes/sidebar')
 6 SYSTEMPATH/View/View.php(228): include('/home4/fduxrd/public_html/logdeurisanze/app/Views/NotFoundView.php')
 7 SYSTEMPATH/View/View.php(231): CodeIgniter\View\View->CodeIgniter\View\{closure}()
 8 SYSTEMPATH/Common.php(1178): CodeIgniter\View\View->render('NotFoundView', [], true)
 9 APPPATH/Config/Routes.php(16): view('NotFoundView')
10 SYSTEMPATH/CodeIgniter.php(963): CodeIgniter\Router\RouteCollection->{closure}('Can\'t find a route for \'head: /\'.')
11 SYSTEMPATH/CodeIgniter.php(370): CodeIgniter\CodeIgniter->display404errors(Object(CodeIgniter\Exceptions\PageNotFoundException))
12 FCPATH/index.php(79): CodeIgniter\CodeIgniter->run()
CRITICAL - 2025-11-14 13:35:00 --> ErrorException: Trying to access array offset on value of type null
in APPPATH/Views/includes/sidebar.php on line 37.
 1 APPPATH/Views/includes/sidebar.php(37): CodeIgniter\Debug\Exceptions->errorHandler(2, 'Trying to access array offset on value of type null', '/home4/fduxrd/public_html/logdeurisanze/app/Views/includes/sidebar.php', 37)
 2 SYSTEMPATH/View/View.php(228): include('/home4/fduxrd/public_html/logdeurisanze/app/Views/includes/sidebar.php')
 3 SYSTEMPATH/View/View.php(231): CodeIgniter\View\View->CodeIgniter\View\{closure}()
 4 SYSTEMPATH/Common.php(1178): CodeIgniter\View\View->render('includes/sidebar', [], true)
 5 APPPATH/Views/NotFoundView.php(4): view('includes/sidebar')
 6 SYSTEMPATH/View/View.php(228): include('/home4/fduxrd/public_html/logdeurisanze/app/Views/NotFoundView.php')
 7 SYSTEMPATH/View/View.php(231): CodeIgniter\View\View->CodeIgniter\View\{closure}()
 8 SYSTEMPATH/Common.php(1178): CodeIgniter\View\View->render('NotFoundView', [], true)
 9 APPPATH/Config/Routes.php(16): view('NotFoundView')
10 SYSTEMPATH/CodeIgniter.php(963): CodeIgniter\Router\RouteCollection->{closure}('Can\'t find a route for \'head: /\'.')
11 SYSTEMPATH/CodeIgniter.php(370): CodeIgniter\CodeIgniter->display404errors(Object(CodeIgniter\Exceptions\PageNotFoundException))
12 FCPATH/index.php(79): CodeIgniter\CodeIgniter->run()
