CRITICAL - 2025-10-31 00:55:17 --> ErrorException: Trying to access array offset on value of type null
in APPPATH/Views/includes/sidebar.php on line 37.
 1 APPPATH/Views/includes/sidebar.php(37): CodeIgniter\Debug\Exceptions->errorHandler(2, 'Trying to access array offset on value of type null', '/home4/fduxrd/public_html/logdeurisanze/app/Views/includes/sidebar.php', 37)
 2 SYSTEMPATH/View/View.php(228): include('/home4/fduxrd/public_html/logdeurisanze/app/Views/includes/sidebar.php')
 3 SYSTEMPATH/View/View.php(231): CodeIgniter\View\View->CodeIgniter\View\{closure}()
 4 SYSTEMPATH/Common.php(1178): CodeIgniter\View\View->render('includes/sidebar', [], true)
 5 APPPATH/Views/NotFoundView.php(4): view('includes/sidebar')
 6 SYSTEMPATH/View/View.php(228): include('/home4/fduxrd/public_html/logdeurisanze/app/Views/NotFoundView.php')
 7 SYSTEMPATH/View/View.php(231): CodeIgniter\View\View->CodeIgniter\View\{closure}()
 8 SYSTEMPATH/Common.php(1178): CodeIgniter\View\View->render('NotFoundView', [], true)
 9 APPPATH/Config/Routes.php(16): view('NotFoundView')
10 SYSTEMPATH/CodeIgniter.php(963): CodeIgniter\Router\RouteCollection->{closure}('Can\'t find a route for \'get: js\'.')
11 SYSTEMPATH/CodeIgniter.php(370): CodeIgniter\CodeIgniter->display404errors(Object(CodeIgniter\Exceptions\PageNotFoundException))
12 FCPATH/index.php(79): CodeIgniter\CodeIgniter->run()
CRITICAL - 2025-10-31 01:04:18 --> ErrorException: Trying to access array offset on value of type null
in APPPATH/Views/includes/sidebar.php on line 37.
 1 APPPATH/Views/includes/sidebar.php(37): CodeIgniter\Debug\Exceptions->errorHandler(2, 'Trying to access array offset on value of type null', '/home4/fduxrd/public_html/logdeurisanze/app/Views/includes/sidebar.php', 37)
 2 SYSTEMPATH/View/View.php(228): include('/home4/fduxrd/public_html/logdeurisanze/app/Views/includes/sidebar.php')
 3 SYSTEMPATH/View/View.php(231): CodeIgniter\View\View->CodeIgniter\View\{closure}()
 4 SYSTEMPATH/Common.php(1178): CodeIgniter\View\View->render('includes/sidebar', [], true)
 5 APPPATH/Views/NotFoundView.php(4): view('includes/sidebar')
 6 SYSTEMPATH/View/View.php(228): include('/home4/fduxrd/public_html/logdeurisanze/app/Views/NotFoundView.php')
 7 SYSTEMPATH/View/View.php(231): CodeIgniter\View\View->CodeIgniter\View\{closure}()
 8 SYSTEMPATH/Common.php(1178): CodeIgniter\View\View->render('NotFoundView', [], true)
 9 APPPATH/Config/Routes.php(16): view('NotFoundView')
10 SYSTEMPATH/CodeIgniter.php(963): CodeIgniter\Router\RouteCollection->{closure}('Can\'t find a route for \'head: /\'.')
11 SYSTEMPATH/CodeIgniter.php(370): CodeIgniter\CodeIgniter->display404errors(Object(CodeIgniter\Exceptions\PageNotFoundException))
12 FCPATH/index.php(79): CodeIgniter\CodeIgniter->run()
CRITICAL - 2025-10-31 01:04:19 --> ErrorException: Trying to access array offset on value of type null
in APPPATH/Views/includes/sidebar.php on line 37.
 1 APPPATH/Views/includes/sidebar.php(37): CodeIgniter\Debug\Exceptions->errorHandler(2, 'Trying to access array offset on value of type null', '/home4/fduxrd/public_html/logdeurisanze/app/Views/includes/sidebar.php', 37)
 2 SYSTEMPATH/View/View.php(228): include('/home4/fduxrd/public_html/logdeurisanze/app/Views/includes/sidebar.php')
 3 SYSTEMPATH/View/View.php(231): CodeIgniter\View\View->CodeIgniter\View\{closure}()
 4 SYSTEMPATH/Common.php(1178): CodeIgniter\View\View->render('includes/sidebar', [], true)
 5 APPPATH/Views/NotFoundView.php(4): view('includes/sidebar')
 6 SYSTEMPATH/View/View.php(228): include('/home4/fduxrd/public_html/logdeurisanze/app/Views/NotFoundView.php')
 7 SYSTEMPATH/View/View.php(231): CodeIgniter\View\View->CodeIgniter\View\{closure}()
 8 SYSTEMPATH/Common.php(1178): CodeIgniter\View\View->render('NotFoundView', [], true)
 9 APPPATH/Config/Routes.php(16): view('NotFoundView')
10 SYSTEMPATH/CodeIgniter.php(963): CodeIgniter\Router\RouteCollection->{closure}('Can\'t find a route for \'head: /\'.')
11 SYSTEMPATH/CodeIgniter.php(370): CodeIgniter\CodeIgniter->display404errors(Object(CodeIgniter\Exceptions\PageNotFoundException))
12 FCPATH/index.php(79): CodeIgniter\CodeIgniter->run()
CRITICAL - 2025-10-31 03:06:13 --> ErrorException: Trying to access array offset on value of type null
in APPPATH/Views/includes/sidebar.php on line 37.
 1 APPPATH/Views/includes/sidebar.php(37): CodeIgniter\Debug\Exceptions->errorHandler(2, 'Trying to access array offset on value of type null', '/home4/fduxrd/public_html/logdeurisanze/app/Views/includes/sidebar.php', 37)
 2 SYSTEMPATH/View/View.php(228): include('/home4/fduxrd/public_html/logdeurisanze/app/Views/includes/sidebar.php')
 3 SYSTEMPATH/View/View.php(231): CodeIgniter\View\View->CodeIgniter\View\{closure}()
 4 SYSTEMPATH/Common.php(1178): CodeIgniter\View\View->render('includes/sidebar', [], true)
 5 APPPATH/Views/NotFoundView.php(4): view('includes/sidebar')
 6 SYSTEMPATH/View/View.php(228): include('/home4/fduxrd/public_html/logdeurisanze/app/Views/NotFoundView.php')
 7 SYSTEMPATH/View/View.php(231): CodeIgniter\View\View->CodeIgniter\View\{closure}()
 8 SYSTEMPATH/Common.php(1178): CodeIgniter\View\View->render('NotFoundView', [], true)
 9 APPPATH/Config/Routes.php(16): view('NotFoundView')
10 SYSTEMPATH/CodeIgniter.php(963): CodeIgniter\Router\RouteCollection->{closure}('Can\'t find a route for \'head: /\'.')
11 SYSTEMPATH/CodeIgniter.php(370): CodeIgniter\CodeIgniter->display404errors(Object(CodeIgniter\Exceptions\PageNotFoundException))
12 FCPATH/index.php(79): CodeIgniter\CodeIgniter->run()
CRITICAL - 2025-10-31 03:06:13 --> ErrorException: Trying to access array offset on value of type null
in APPPATH/Views/includes/sidebar.php on line 37.
 1 APPPATH/Views/includes/sidebar.php(37): CodeIgniter\Debug\Exceptions->errorHandler(2, 'Trying to access array offset on value of type null', '/home4/fduxrd/public_html/logdeurisanze/app/Views/includes/sidebar.php', 37)
 2 SYSTEMPATH/View/View.php(228): include('/home4/fduxrd/public_html/logdeurisanze/app/Views/includes/sidebar.php')
 3 SYSTEMPATH/View/View.php(231): CodeIgniter\View\View->CodeIgniter\View\{closure}()
 4 SYSTEMPATH/Common.php(1178): CodeIgniter\View\View->render('includes/sidebar', [], true)
 5 APPPATH/Views/NotFoundView.php(4): view('includes/sidebar')
 6 SYSTEMPATH/View/View.php(228): include('/home4/fduxrd/public_html/logdeurisanze/app/Views/NotFoundView.php')
 7 SYSTEMPATH/View/View.php(231): CodeIgniter\View\View->CodeIgniter\View\{closure}()
 8 SYSTEMPATH/Common.php(1178): CodeIgniter\View\View->render('NotFoundView', [], true)
 9 APPPATH/Config/Routes.php(16): view('NotFoundView')
10 SYSTEMPATH/CodeIgniter.php(963): CodeIgniter\Router\RouteCollection->{closure}('Can\'t find a route for \'head: /\'.')
11 SYSTEMPATH/CodeIgniter.php(370): CodeIgniter\CodeIgniter->display404errors(Object(CodeIgniter\Exceptions\PageNotFoundException))
12 FCPATH/index.php(79): CodeIgniter\CodeIgniter->run()
CRITICAL - 2025-10-31 05:07:32 --> ErrorException: Trying to access array offset on value of type null
in APPPATH/Views/includes/sidebar.php on line 37.
 1 APPPATH/Views/includes/sidebar.php(37): CodeIgniter\Debug\Exceptions->errorHandler(2, 'Trying to access array offset on value of type null', '/home4/fduxrd/public_html/logdeurisanze/app/Views/includes/sidebar.php', 37)
 2 SYSTEMPATH/View/View.php(228): include('/home4/fduxrd/public_html/logdeurisanze/app/Views/includes/sidebar.php')
 3 SYSTEMPATH/View/View.php(231): CodeIgniter\View\View->CodeIgniter\View\{closure}()
 4 SYSTEMPATH/Common.php(1178): CodeIgniter\View\View->render('includes/sidebar', [], true)
 5 APPPATH/Views/NotFoundView.php(4): view('includes/sidebar')
 6 SYSTEMPATH/View/View.php(228): include('/home4/fduxrd/public_html/logdeurisanze/app/Views/NotFoundView.php')
 7 SYSTEMPATH/View/View.php(231): CodeIgniter\View\View->CodeIgniter\View\{closure}()
 8 SYSTEMPATH/Common.php(1178): CodeIgniter\View\View->render('NotFoundView', [], true)
 9 APPPATH/Config/Routes.php(16): view('NotFoundView')
10 SYSTEMPATH/CodeIgniter.php(963): CodeIgniter\Router\RouteCollection->{closure}('Can\'t find a route for \'head: /\'.')
11 SYSTEMPATH/CodeIgniter.php(370): CodeIgniter\CodeIgniter->display404errors(Object(CodeIgniter\Exceptions\PageNotFoundException))
12 FCPATH/index.php(79): CodeIgniter\CodeIgniter->run()
CRITICAL - 2025-10-31 05:07:32 --> ErrorException: Trying to access array offset on value of type null
in APPPATH/Views/includes/sidebar.php on line 37.
 1 APPPATH/Views/includes/sidebar.php(37): CodeIgniter\Debug\Exceptions->errorHandler(2, 'Trying to access array offset on value of type null', '/home4/fduxrd/public_html/logdeurisanze/app/Views/includes/sidebar.php', 37)
 2 SYSTEMPATH/View/View.php(228): include('/home4/fduxrd/public_html/logdeurisanze/app/Views/includes/sidebar.php')
 3 SYSTEMPATH/View/View.php(231): CodeIgniter\View\View->CodeIgniter\View\{closure}()
 4 SYSTEMPATH/Common.php(1178): CodeIgniter\View\View->render('includes/sidebar', [], true)
 5 APPPATH/Views/NotFoundView.php(4): view('includes/sidebar')
 6 SYSTEMPATH/View/View.php(228): include('/home4/fduxrd/public_html/logdeurisanze/app/Views/NotFoundView.php')
 7 SYSTEMPATH/View/View.php(231): CodeIgniter\View\View->CodeIgniter\View\{closure}()
 8 SYSTEMPATH/Common.php(1178): CodeIgniter\View\View->render('NotFoundView', [], true)
 9 APPPATH/Config/Routes.php(16): view('NotFoundView')
10 SYSTEMPATH/CodeIgniter.php(963): CodeIgniter\Router\RouteCollection->{closure}('Can\'t find a route for \'head: /\'.')
11 SYSTEMPATH/CodeIgniter.php(370): CodeIgniter\CodeIgniter->display404errors(Object(CodeIgniter\Exceptions\PageNotFoundException))
12 FCPATH/index.php(79): CodeIgniter\CodeIgniter->run()
CRITICAL - 2025-10-31 07:23:44 --> ErrorException: Trying to access array offset on value of type null
in APPPATH/Views/includes/sidebar.php on line 37.
 1 APPPATH/Views/includes/sidebar.php(37): CodeIgniter\Debug\Exceptions->errorHandler(2, 'Trying to access array offset on value of type null', '/home4/fduxrd/public_html/logdeurisanze/app/Views/includes/sidebar.php', 37)
 2 SYSTEMPATH/View/View.php(228): include('/home4/fduxrd/public_html/logdeurisanze/app/Views/includes/sidebar.php')
 3 SYSTEMPATH/View/View.php(231): CodeIgniter\View\View->CodeIgniter\View\{closure}()
 4 SYSTEMPATH/Common.php(1178): CodeIgniter\View\View->render('includes/sidebar', [], true)
 5 APPPATH/Views/NotFoundView.php(4): view('includes/sidebar')
 6 SYSTEMPATH/View/View.php(228): include('/home4/fduxrd/public_html/logdeurisanze/app/Views/NotFoundView.php')
 7 SYSTEMPATH/View/View.php(231): CodeIgniter\View\View->CodeIgniter\View\{closure}()
 8 SYSTEMPATH/Common.php(1178): CodeIgniter\View\View->render('NotFoundView', [], true)
 9 APPPATH/Config/Routes.php(16): view('NotFoundView')
10 SYSTEMPATH/CodeIgniter.php(963): CodeIgniter\Router\RouteCollection->{closure}('Can\'t find a route for \'head: /\'.')
11 SYSTEMPATH/CodeIgniter.php(370): CodeIgniter\CodeIgniter->display404errors(Object(CodeIgniter\Exceptions\PageNotFoundException))
12 FCPATH/index.php(79): CodeIgniter\CodeIgniter->run()
CRITICAL - 2025-10-31 09:18:16 --> ErrorException: Trying to access array offset on value of type null
in APPPATH/Views/includes/sidebar.php on line 37.
 1 APPPATH/Views/includes/sidebar.php(37): CodeIgniter\Debug\Exceptions->errorHandler(2, 'Trying to access array offset on value of type null', '/home4/fduxrd/public_html/logdeurisanze/app/Views/includes/sidebar.php', 37)
 2 SYSTEMPATH/View/View.php(228): include('/home4/fduxrd/public_html/logdeurisanze/app/Views/includes/sidebar.php')
 3 SYSTEMPATH/View/View.php(231): CodeIgniter\View\View->CodeIgniter\View\{closure}()
 4 SYSTEMPATH/Common.php(1178): CodeIgniter\View\View->render('includes/sidebar', [], true)
 5 APPPATH/Views/NotFoundView.php(4): view('includes/sidebar')
 6 SYSTEMPATH/View/View.php(228): include('/home4/fduxrd/public_html/logdeurisanze/app/Views/NotFoundView.php')
 7 SYSTEMPATH/View/View.php(231): CodeIgniter\View\View->CodeIgniter\View\{closure}()
 8 SYSTEMPATH/Common.php(1178): CodeIgniter\View\View->render('NotFoundView', [], true)
 9 APPPATH/Config/Routes.php(16): view('NotFoundView')
10 SYSTEMPATH/CodeIgniter.php(963): CodeIgniter\Router\RouteCollection->{closure}('Can\'t find a route for \'get: wp-includes/wlwmanifest.xml\'.')
11 SYSTEMPATH/CodeIgniter.php(370): CodeIgniter\CodeIgniter->display404errors(Object(CodeIgniter\Exceptions\PageNotFoundException))
12 FCPATH/index.php(79): CodeIgniter\CodeIgniter->run()
CRITICAL - 2025-10-31 09:18:17 --> ErrorException: Trying to access array offset on value of type null
in APPPATH/Views/includes/sidebar.php on line 37.
 1 APPPATH/Views/includes/sidebar.php(37): CodeIgniter\Debug\Exceptions->errorHandler(2, 'Trying to access array offset on value of type null', '/home4/fduxrd/public_html/logdeurisanze/app/Views/includes/sidebar.php', 37)
 2 SYSTEMPATH/View/View.php(228): include('/home4/fduxrd/public_html/logdeurisanze/app/Views/includes/sidebar.php')
 3 SYSTEMPATH/View/View.php(231): CodeIgniter\View\View->CodeIgniter\View\{closure}()
 4 SYSTEMPATH/Common.php(1178): CodeIgniter\View\View->render('includes/sidebar', [], true)
 5 APPPATH/Views/NotFoundView.php(4): view('includes/sidebar')
 6 SYSTEMPATH/View/View.php(228): include('/home4/fduxrd/public_html/logdeurisanze/app/Views/NotFoundView.php')
 7 SYSTEMPATH/View/View.php(231): CodeIgniter\View\View->CodeIgniter\View\{closure}()
 8 SYSTEMPATH/Common.php(1178): CodeIgniter\View\View->render('NotFoundView', [], true)
 9 APPPATH/Config/Routes.php(16): view('NotFoundView')
10 SYSTEMPATH/CodeIgniter.php(963): CodeIgniter\Router\RouteCollection->{closure}('Can\'t find a route for \'get: xmlrpc.php\'.')
11 SYSTEMPATH/CodeIgniter.php(370): CodeIgniter\CodeIgniter->display404errors(Object(CodeIgniter\Exceptions\PageNotFoundException))
12 FCPATH/index.php(79): CodeIgniter\CodeIgniter->run()
CRITICAL - 2025-10-31 09:18:18 --> ErrorException: Trying to access array offset on value of type null
in APPPATH/Views/includes/sidebar.php on line 37.
 1 APPPATH/Views/includes/sidebar.php(37): CodeIgniter\Debug\Exceptions->errorHandler(2, 'Trying to access array offset on value of type null', '/home4/fduxrd/public_html/logdeurisanze/app/Views/includes/sidebar.php', 37)
 2 SYSTEMPATH/View/View.php(228): include('/home4/fduxrd/public_html/logdeurisanze/app/Views/includes/sidebar.php')
 3 SYSTEMPATH/View/View.php(231): CodeIgniter\View\View->CodeIgniter\View\{closure}()
 4 SYSTEMPATH/Common.php(1178): CodeIgniter\View\View->render('includes/sidebar', [], true)
 5 APPPATH/Views/NotFoundView.php(4): view('includes/sidebar')
 6 SYSTEMPATH/View/View.php(228): include('/home4/fduxrd/public_html/logdeurisanze/app/Views/NotFoundView.php')
 7 SYSTEMPATH/View/View.php(231): CodeIgniter\View\View->CodeIgniter\View\{closure}()
 8 SYSTEMPATH/Common.php(1178): CodeIgniter\View\View->render('NotFoundView', [], true)
 9 APPPATH/Config/Routes.php(16): view('NotFoundView')
10 SYSTEMPATH/CodeIgniter.php(963): CodeIgniter\Router\RouteCollection->{closure}('Can\'t find a route for \'get: blog/wp-includes/wlwmanifest.xml\'.')
11 SYSTEMPATH/CodeIgniter.php(370): CodeIgniter\CodeIgniter->display404errors(Object(CodeIgniter\Exceptions\PageNotFoundException))
12 FCPATH/index.php(79): CodeIgniter\CodeIgniter->run()
CRITICAL - 2025-10-31 09:22:49 --> ErrorException: Trying to access array offset on value of type null
in APPPATH/Views/includes/sidebar.php on line 37.
 1 APPPATH/Views/includes/sidebar.php(37): CodeIgniter\Debug\Exceptions->errorHandler(2, 'Trying to access array offset on value of type null', '/home4/fduxrd/public_html/logdeurisanze/app/Views/includes/sidebar.php', 37)
 2 SYSTEMPATH/View/View.php(228): include('/home4/fduxrd/public_html/logdeurisanze/app/Views/includes/sidebar.php')
 3 SYSTEMPATH/View/View.php(231): CodeIgniter\View\View->CodeIgniter\View\{closure}()
 4 SYSTEMPATH/Common.php(1178): CodeIgniter\View\View->render('includes/sidebar', [], true)
 5 APPPATH/Views/NotFoundView.php(4): view('includes/sidebar')
 6 SYSTEMPATH/View/View.php(228): include('/home4/fduxrd/public_html/logdeurisanze/app/Views/NotFoundView.php')
 7 SYSTEMPATH/View/View.php(231): CodeIgniter\View\View->CodeIgniter\View\{closure}()
 8 SYSTEMPATH/Common.php(1178): CodeIgniter\View\View->render('NotFoundView', [], true)
 9 APPPATH/Config/Routes.php(16): view('NotFoundView')
10 SYSTEMPATH/CodeIgniter.php(963): CodeIgniter\Router\RouteCollection->{closure}('Can\'t find a route for \'head: /\'.')
11 SYSTEMPATH/CodeIgniter.php(370): CodeIgniter\CodeIgniter->display404errors(Object(CodeIgniter\Exceptions\PageNotFoundException))
12 FCPATH/index.php(79): CodeIgniter\CodeIgniter->run()
CRITICAL - 2025-10-31 09:22:50 --> ErrorException: Trying to access array offset on value of type null
in APPPATH/Views/includes/sidebar.php on line 37.
 1 APPPATH/Views/includes/sidebar.php(37): CodeIgniter\Debug\Exceptions->errorHandler(2, 'Trying to access array offset on value of type null', '/home4/fduxrd/public_html/logdeurisanze/app/Views/includes/sidebar.php', 37)
 2 SYSTEMPATH/View/View.php(228): include('/home4/fduxrd/public_html/logdeurisanze/app/Views/includes/sidebar.php')
 3 SYSTEMPATH/View/View.php(231): CodeIgniter\View\View->CodeIgniter\View\{closure}()
 4 SYSTEMPATH/Common.php(1178): CodeIgniter\View\View->render('includes/sidebar', [], true)
 5 APPPATH/Views/NotFoundView.php(4): view('includes/sidebar')
 6 SYSTEMPATH/View/View.php(228): include('/home4/fduxrd/public_html/logdeurisanze/app/Views/NotFoundView.php')
 7 SYSTEMPATH/View/View.php(231): CodeIgniter\View\View->CodeIgniter\View\{closure}()
 8 SYSTEMPATH/Common.php(1178): CodeIgniter\View\View->render('NotFoundView', [], true)
 9 APPPATH/Config/Routes.php(16): view('NotFoundView')
10 SYSTEMPATH/CodeIgniter.php(963): CodeIgniter\Router\RouteCollection->{closure}('Can\'t find a route for \'head: /\'.')
11 SYSTEMPATH/CodeIgniter.php(370): CodeIgniter\CodeIgniter->display404errors(Object(CodeIgniter\Exceptions\PageNotFoundException))
12 FCPATH/index.php(79): CodeIgniter\CodeIgniter->run()
CRITICAL - 2025-10-31 11:18:12 --> ErrorException: Undefined array key "94225fff68db22990931f9716e1b758b'100' height='100' viewBox='0 0 100 100' xmlns='http://www.w3.org/2000/svg'%3E%3Cpath d='M11 18c3.866 0 7-3.134 7-7s-3.134-7-7-7-7 3.134-7 7 3.134 7 7 7zm48 25c3.866 0 7-3.134 7-7s-3.134-7-7-7-7 3.134-7 7 3.134 7 7 7zm-43-7c1.657 0 3-1.343 3-3s-1.343-3-3-3-3 1.343-3 3 1.343 3 3 3zm63 31c1.657 0 3-1.343 3-3s-1.343-3-3-3-3 1.343-3 3 1.343 3 3 3zM34 90c1.657 0 3-1.343 3-3s-1.343-3-3-3-3 1.343-3 3 1.343 3 3 3zm56-76c1.657 0 3-1.343 3-3s-1.343-3-3-3-3 1.343-3 3 1.343 3 3 3zM12 86c2.21 0 4-1.79 4-4s-1.79-4-4-4-4 1.79-4 4 1.79 4 4 4zm28-65c2.21 0 4-1.79 4-4s-1.79-4-4-4-4 1.79-4 4 1.79 4 4 4zm23-11c2.76 0 5-2.24 5-5s-2.24-5-5-5-5 2.24-5 5 2.24 5 5 5zm-6 60c2.21 0 4-1.79 4-4s-1.79-4-4-4-4 1.79-4 4 1.79 4 4 4zm29 22c2.76 0 5-2.24 5-5s-2.24-5-5-5-5 2.24-5 5 2.24 5 5 5zM32 63c2.76 0 5-2.24 5-5s-2.24-5-5-5-5 2.24-5 5 2.24 5 5 5zm57-13c2.76 0 5-2.24 5-5s-2.24-5-5-5-5 2.24-5 5 2.24 5 5 5zm-9-21c1.105 0 2-.895 2-2s-.895-2-2-2-2 .895-2 2 .895 2 2 2zM60 91c1.105 0 2-.895 2-2s-.895-2-2-2-2 .895-2 2 .895 2 2 2zM35 41c1.105 0 2-.895 2-2s-.895-2-2-2-2 .895-2 2 .895 2 2 2zM12 60c1.105 0 2-.895 2-2s-.895-2-2-2-2 .895-2 2 .895 2 2 2z' fill='%23f8f9fa' fill-opacity='0.4' fill-rule='evenodd'/%3E%3C/svg%3E"
in FCPATH/vendor/dompdf/dompdf/src/Css/Stylesheet.php on line 1455.
 1 FCPATH/vendor/dompdf/dompdf/src/Css/Stylesheet.php(1455): CodeIgniter\Debug\Exceptions->errorHandler(2, 'Undefined array key "94225fff68db22990931f9716e1b758b\'100\' height=\'100\' viewBox=\'0 0 100 100\' xmlns=\'http://www.w3.org/2000/svg\'%3E%3Cpath d=\'M11 18c3.866 0 7-3.134 7-7s-3.134-7-7-7-7 3.134-7 7 3.134 7 7 7zm48 25c3.866 0 7-3.134 7-7s-3.134-7-7-7-7 3.134-7 7 3.134 7 7 7zm-43-7c1.657 0 3-1.343 3-3s-1.343-3-3-3-3 1.343-3 3 1.343 3 3 3zm63 31c1.657 0 3-1.343 3-3s-1.343-3-3-3-3 1.343-3 3 1.343 3 3 3zM34 90c1.657 0 3-1.343 3-3s-1.343-3-3-3-3 1.343-3 3 1.343 3 3 3zm56-76c1.657 0 3-1.343 3-3s-1.343-3-3-3-3 1.343-3 3 1.343 3 3 3zM12 86c2.21 0 4-1.79 4-4s-1.79-4-4-4-4 1.79-4 4 1.79 4 4 4zm28-65c2.21 0 4-1.79 4-4s-1.79-4-4-4-4 1.79-4 4 1.79 4 4 4zm23-11c2.76 0 5-2.24 5-5s-2.24-5-5-5-5 2.24-5 5 2.24 5 5 5zm-6 60c2.21 0 4-1.79 4-4s-1.79-4-4-4-4 1.79-4 4 1.79 4 4 4zm29 22c2.76 0 5-2.24 5-5s-2.24-5-5-5-5 2.24-5 5 2.24 5 5 5zM32 63c2.76 0 5-2.24 5-5s-2.24-5-5-5-5 2.24-5 5 2.24 5 5 5zm57-13c2.76 0 5-2.24 5-5s-2.24-5-5-5-5 2.24-5 5 2.24 5 5 5zm-9-21c1.105 0 2-.895 2-2s-.895-2-2-2-2 .895-2 2 .895 2 2 2zM60 91c1.105 0 2-.895 2-2s-.895-2-2-2-2 .895-2 2 .895 2 2 2zM35 41c1.105 0 2-.895 2-2s-.895-2-2-2-2 .895-2 2 .895 2 2 2zM12 60c1.105 0 2-.895 2-2s-.895-2-2-2-2 .895-2 2 .895 2 2 2z\' fill=\'%23f8f9fa\' fill-opacity=\'0.4\' fill-rule=\'evenodd\'/%3E%3C/svg%3E"', '/home4/fduxrd/public_html/logdeurisanze/vendor/dompdf/dompdf/src/Css/Stylesheet.php', 1455)
 2 FCPATH/vendor/dompdf/dompdf/src/Css/Style.php(2209): Dompdf\Css\Stylesheet->resolve_url('url("blob://94225fff68db22990931f9716e1b758b\'100\' height=\'100\' viewBox=\'0 0 100 100\' xmlns=\'http://www.w3.org/2000/svg\'%3E%3Cpath d=\'M11 18c3.866 0 7-3.134 7-7s-3.134-7-7-7-7 3.134-7 7 3.134 7 7 7zm48 25c3.866 0 7-3.134 7-7s-3.134-7-7-7-7 3.134-7 7 3.134 7 7 7zm-43-7c1.657 0 3-1.343 3-3s-1.343-3-3-3-3 1.343-3 3 1.343 3 3 3zm63 31c1.657 0 3-1.343 3-3s-1.343-3-3-3-3 1.343-3 3 1.343 3 3 3zM34 90c1.657 0 3-1.343 3-3s-1.343-3-3-3-3 1.343-3 3 1.343 3 3 3zm56-76c1.657 0 3-1.343 3-3s-1.343-3-3-3-3 1.343-3 3 1.343 3 3 3zM12 86c2.21 0 4-1.79 4-4s-1.79-4-4-4-4 1.79-4 4 1.79 4 4 4zm28-65c2.21 0 4-1.79 4-4s-1.79-4-4-4-4 1.79-4 4 1.79 4 4 4zm23-11c2.76 0 5-2.24 5-5s-2.24-5-5-5-5 2.24-5 5 2.24 5 5 5zm-6 60c2.21 0 4-1.79 4-4s-1.79-4-4-4-4 1.79-4 4 1.79 4 4 4zm29 22c2.76 0 5-2.24 5-5s-2.24-5-5-5-5 2.24-5 5 2.24 5 5 5zM32 63c2.76 0 5-2.24 5-5s-2.24-5-5-5-5 2.24-5 5 2.24 5 5 5zm57-13c2.76 0 5-2.24 5-5s-2.24-5-5-5-5 2.24-5 5 2.24 5 5 5zm-9-21c1.105 0 2-.895 2-2s-.895-2-2-2-2 .895-2 2 .895 2 2 2zM60 91c1.105 0 2-.895 2-2s-.895-2-2-2-2 .895-2 2 .895 2 2 2zM35 41c1.105 0 2-.895 2-2s-.895-2-2-2-2 .895-2 2 .895 2 2 2zM12 60c1.105 0 2-.895 2-2s-.895-2-2-2-2 .895-2 2 .895 2 2 2z\' fill=\'%23f8f9fa\' fill-opacity=\'0.4\' fill-rule=\'evenodd\'/%3E%3C/svg%3E")', true)
 3 FCPATH/vendor/dompdf/dompdf/src/Css/Style.php(1901): Dompdf\Css\Style->_get_background_image('url("blob://94225fff68db22990931f9716e1b758b\'100\' height=\'100\' viewBox=\'0 0 100 100\' xmlns=\'http://www.w3.org/2000/svg\'%3E%3Cpath d=\'M11 18c3.866 0 7-3.134 7-7s-3.134-7-7-7-7 3.134-7 7 3.134 7 7 7zm48 25c3.866 0 7-3.134 7-7s-3.134-7-7-7-7 3.134-7 7 3.134 7 7 7zm-43-7c1.657 0 3-1.343 3-3s-1.343-3-3-3-3 1.343-3 3 1.343 3 3 3zm63 31c1.657 0 3-1.343 3-3s-1.343-3-3-3-3 1.343-3 3 1.343 3 3 3zM34 90c1.657 0 3-1.343 3-3s-1.343-3-3-3-3 1.343-3 3 1.343 3 3 3zm56-76c1.657 0 3-1.343 3-3s-1.343-3-3-3-3 1.343-3 3 1.343 3 3 3zM12 86c2.21 0 4-1.79 4-4s-1.79-4-4-4-4 1.79-4 4 1.79 4 4 4zm28-65c2.21 0 4-1.79 4-4s-1.79-4-4-4-4 1.79-4 4 1.79 4 4 4zm23-11c2.76 0 5-2.24 5-5s-2.24-5-5-5-5 2.24-5 5 2.24 5 5 5zm-6 60c2.21 0 4-1.79 4-4s-1.79-4-4-4-4 1.79-4 4 1.79 4 4 4zm29 22c2.76 0 5-2.24 5-5s-2.24-5-5-5-5 2.24-5 5 2.24 5 5 5zM32 63c2.76 0 5-2.24 5-5s-2.24-5-5-5-5 2.24-5 5 2.24 5 5 5zm57-13c2.76 0 5-2.24 5-5s-2.24-5-5-5-5 2.24-5 5 2.24 5 5 5zm-9-21c1.105 0 2-.895 2-2s-.895-2-2-2-2 .895-2 2 .895 2 2 2zM60 91c1.105 0 2-.895 2-2s-.895-2-2-2-2 .895-2 2 .895 2 2 2zM35 41c1.105 0 2-.895 2-2s-.895-2-2-2-2 .895-2 2 .895 2 2 2zM12 60c1.105 0 2-.895 2-2s-.895-2-2-2-2 .895-2 2 .895 2 2 2z\' fill=\'%23f8f9fa\' fill-opacity=\'0.4\' fill-rule=\'evenodd\'/%3E%3C/svg%3E")')
 4 FCPATH/vendor/dompdf/dompdf/src/Renderer/AbstractRenderer.php(68): Dompdf\Css\Style->__get('background_image')
 5 FCPATH/vendor/dompdf/dompdf/src/Renderer/Block.php(41): Dompdf\Renderer\AbstractRenderer->_render_background(Object(Dompdf\FrameDecorator\Block), [...])
 6 FCPATH/vendor/dompdf/dompdf/src/Renderer.php(305): Dompdf\Renderer\Block->render(Object(Dompdf\FrameDecorator\Block))
 7 FCPATH/vendor/dompdf/dompdf/src/Renderer.php(110): Dompdf\Renderer->_render_frame('block', Object(Dompdf\FrameDecorator\Block))
 8 FCPATH/vendor/dompdf/dompdf/src/FrameReflower/Page.php(149): Dompdf\Renderer->render(Object(Dompdf\FrameDecorator\Block))
 9 FCPATH/vendor/dompdf/dompdf/src/FrameDecorator/AbstractFrameDecorator.php(905): Dompdf\FrameReflower\Page->reflow(null)
10 FCPATH/vendor/dompdf/dompdf/src/Dompdf.php(808): Dompdf\FrameDecorator\AbstractFrameDecorator->reflow()
11 APPPATH/Controllers/Menu.php(575): Dompdf\Dompdf->render()
12 SYSTEMPATH/CodeIgniter.php(943): App\Controllers\Menu->exportMenuToPdf()
13 SYSTEMPATH/CodeIgniter.php(503): CodeIgniter\CodeIgniter->runController(Object(App\Controllers\Menu))
14 SYSTEMPATH/CodeIgniter.php(361): CodeIgniter\CodeIgniter->handleRequest(null, Object(Config\Cache), false)
15 FCPATH/index.php(79): CodeIgniter\CodeIgniter->run()
